-------------------------------------------------------------------------------
Test set: com.fleetflow.bugfix.ProductionReadyMapFeatureBugExplorationTest
-------------------------------------------------------------------------------
Tests run: 3, Failures: 1, Errors: 0, Skipped: 0, Time elapsed: 0.176 s <<< FAILURE! -- in com.fleetflow.bugfix.ProductionReadyMapFeatureBugExplorationTest
com.fleetflow.bugfix.ProductionReadyMapFeatureBugExplorationTest.routesShouldFollowRoadNetworkNotStraightLines -- Time elapsed: 0.146 s <<< FAILURE!
java.lang.AssertionError: 
[Dispatched trip should appear in map markers (vehicleId=16, driverId=15)] 
Expecting actual not to be null
	at com.fleetflow.bugfix.ProductionReadyMapFeatureBugExplorationTest.routesShouldFollowRoadNetworkNotStraightLines(ProductionReadyMapFeatureBugExplorationTest.java:229)
	at java.base/java.lang.reflect.Method.invoke(Method.java:568)
	at java.base/java.util.ArrayList.forEach(ArrayList.java:1511)
	at java.base/java.util.ArrayList.forEach(ArrayList.java:1511)

