<?xml version="1.0" encoding="UTF-8"?>
<testsuite xmlns:xsi="http://www.w3.org/2001/XMLSchema-instance" xsi:noNamespaceSchemaLocation="https://maven.apache.org/surefire/maven-surefire-plugin/xsd/surefire-test-report-3.0.xsd" version="3.0" name="com.fleetflow.bugfix.ProductionReadyMapFeaturePreservationTest" time="7.65" tests="8" errors="0" skipped="0" failures="0">
  <properties>
[...]
</properties>
  <testcase name="tripCreationShouldRejectExcessiveCargo" classname="com.fleetflow.bugfix.ProductionReadyMapFeaturePreservationTest" time="0.404">
    <system-out><![CDATA[Standard Commons Logging discovery in action with spring-jcl: please remove commons-logging.jar from classpath in order to avoid potential conflicts
13:46:22.266 [main] INFO org.springframework.test.context.support.AnnotationConfigContextLoaderUtils -- Could not detect default configuration classes for test class [com.fleetflow.bugfix.ProductionReadyMapFeaturePreservationTest]: ProductionReadyMapFeaturePreservationTest does not declare any static, non-private, non-final, nested classes annotated with @Configuration.
13:46:22.329 [main] INFO org.springframework.boot.test.context.SpringBootTestContextBootstrapper -- Found @SpringBootConfiguration com.fleetflow.FleetFlowApplication for test class com.fleetflow.bugfix.ProductionReadyMapFeaturePreservationTest

  .   ____          _            __ _ _
 /\\ / ___'_ __ _ _(_)_ __  __ _ \ \ \ \
( ( )\___ | '_ | '_| | '_ \/ _` | \ \ \ \
 \\/  ___)| |_)| | | | | || (_| |  ) ) ) )
  '  |____| .__|_| |_|_| |_\__, | / / / /
 =========|_|==============|___/=/_/_/_/
 :: Spring Boot ::                (v3.2.2)

2026-02-21T13:46:22.518+05:30  INFO 68853 --- [FleetFlow-Test] [           main] roductionReadyMapFeaturePreservationTest : Starting ProductionReadyMapFeaturePreservationTest using Java 17.0.12 with PID 68853 (started by yashcomputers in /Users/yashcomputers/Desktop/fleet-flow-odoo/backend)
2026-02-21T13:46:22.518+05:30 DEBUG 68853 --- [FleetFlow-Test] [           main] roductionReadyMapFeaturePreservationTest : Running with Spring Boot v3.2.2, Spring v6.1.3
2026-02-21T13:46:22.518+05:30  INFO 68853 --- [FleetFlow-Test] [           main] roductionReadyMapFeaturePreservationTest : The following 1 profile is active: "test"
2026-02-21T13:46:22.915+05:30  INFO 68853 --- [FleetFlow-Test] [           main] .s.d.r.c.RepositoryConfigurationDelegate : Bootstrapping Spring Data JPA repositories in DEFAULT mode.
2026-02-21T13:46:22.961+05:30  INFO 68853 --- [FleetFlow-Test] [           main] .s.d.r.c.RepositoryConfigurationDelegate : Finished Spring Data repository scanning in 36 ms. Found 8 JPA repository interfaces.
2026-02-21T13:46:23.298+05:30  INFO 68853 --- [FleetFlow-Test] [           main] o.hibernate.jpa.internal.util.LogHelper  : HHH000204: Processing PersistenceUnitInfo [name: default]
2026-02-21T13:46:23.327+05:30  INFO 68853 --- [FleetFlow-Test] [           main] org.hibernate.Version                    : HHH000412: Hibernate ORM core version 6.4.1.Final
2026-02-21T13:46:23.347+05:30  INFO 68853 --- [FleetFlow-Test] [           main] o.h.c.internal.RegionFactoryInitiator    : HHH000026: Second-level cache disabled
2026-02-21T13:46:23.484+05:30  INFO 68853 --- [FleetFlow-Test] [           main] o.s.o.j.p.SpringPersistenceUnitInfo      : No LoadTimeWeaver setup: ignoring JPA class transformer
2026-02-21T13:46:23.501+05:30  INFO 68853 --- [FleetFlow-Test] [           main] com.zaxxer.hikari.HikariDataSource       : HikariPool-1 - Starting...
2026-02-21T13:46:23.605+05:30  INFO 68853 --- [FleetFlow-Test] [           main] com.zaxxer.hikari.pool.HikariPool        : HikariPool-1 - Added connection conn0: url=jdbc:h2:mem:testdb user=SA
2026-02-21T13:46:23.606+05:30  INFO 68853 --- [FleetFlow-Test] [           main] com.zaxxer.hikari.HikariDataSource       : HikariPool-1 - Start completed.
2026-02-21T13:46:23.618+05:30  WARN 68853 --- [FleetFlow-Test] [           main] org.hibernate.orm.deprecation            : HHH90000025: H2Dialect does not need to be specified explicitly using 'hibernate.dialect' (remove the property setting and it will be selected by default)
2026-02-21T13:46:24.182+05:30  INFO 68853 --- [FleetFlow-Test] [           main] o.h.e.t.j.p.i.JtaPlatformInitiator       : HHH000489: No JTA platform available (set 'hibernate.transaction.jta.platform' to enable JTA platform integration)
2026-02-21T13:46:24.215+05:30  INFO 68853 --- [FleetFlow-Test] [           main] j.LocalContainerEntityManagerFactoryBean : Initialized JPA EntityManagerFactory for persistence unit 'default'
2026-02-21T13:46:24.463+05:30  INFO 68853 --- [FleetFlow-Test] [           main] o.s.d.j.r.query.QueryEnhancerFactory     : Hibernate is in classpath; If applicable, HQL parser will be used.
2026-02-21T13:46:25.050+05:30  WARN 68853 --- [FleetFlow-Test] [           main] JpaBaseConfiguration$JpaWebConfiguration : spring.jpa.open-in-view is enabled by default. Therefore, database queries may be performed during view rendering. Explicitly configure spring.jpa.open-in-view to disable this warning
2026-02-21T13:46:25.495+05:30 DEBUG 68853 --- [FleetFlow-Test] [           main] com.fleetflow.security.JwtAuthFilter     : Filter 'jwtAuthFilter' configured for use
2026-02-21T13:46:25.496+05:30  INFO 68853 --- [FleetFlow-Test] [           main] o.s.b.t.m.w.SpringBootMockServletContext : Initializing Spring TestDispatcherServlet ''
2026-02-21T13:46:25.496+05:30  INFO 68853 --- [FleetFlow-Test] [           main] o.s.t.web.servlet.TestDispatcherServlet  : Initializing Servlet ''
2026-02-21T13:46:25.497+05:30  INFO 68853 --- [FleetFlow-Test] [           main] o.s.t.web.servlet.TestDispatcherServlet  : Completed initialization in 1 ms
2026-02-21T13:46:25.513+05:30  INFO 68853 --- [FleetFlow-Test] [           main] roductionReadyMapFeaturePreservationTest : Started ProductionReadyMapFeaturePreservationTest in 3.115 seconds (process running for 3.64)
2026-02-21T13:46:25.584+05:30  INFO 68853 --- [FleetFlow-Test] [           main] com.fleetflow.config.DataSeeder          : Seeding initial data for FleetFlow India (Ahmedabad)...
2026-02-21T13:46:27.165+05:30  INFO 68853 --- [FleetFlow-Test] [           main] c.f.service.DriverLocationService        : Initialized locations for 5 drivers
2026-02-21T13:46:27.179+05:30  INFO 68853 --- [FleetFlow-Test] [           main] c.fleetflow.service.MapTrackingService   : Initialized locations for 6 vehicles
2026-02-21T13:46:27.179+05:30  INFO 68853 --- [FleetFlow-Test] [           main] com.fleetflow.config.DataSeeder          : FleetFlow India data seeded: 5 users, 6 vehicles, 5 drivers, 3 trips, GPS initialized (Ahmedabad)
]]></system-out>
  </testcase>
  <testcase name="tripCreationShouldValidateBusinessRules" classname="com.fleetflow.bugfix.ProductionReadyMapFeaturePreservationTest" time="0.012">
    <system-out><![CDATA[2026-02-21T13:46:27.597+05:30  INFO 68853 --- [FleetFlow-Test] [           main] com.fleetflow.service.TripService        : Trip created: 23.0225,72.5714 -> 23.0300,72.5800 (Vehicle: TEST-1771661787593, Driver: Test Driver)
]]></system-out>
  </testcase>
  <testcase name="textBasedCoordinatesShouldStillWork" classname="com.fleetflow.bugfix.ProductionReadyMapFeaturePreservationTest" time="0.008">
    <system-out><![CDATA[2026-02-21T13:46:27.610+05:30  INFO 68853 --- [FleetFlow-Test] [           main] com.fleetflow.service.TripService        : Trip created: 23.0225,72.5714 -> 23.0300,72.5800 (Vehicle: TEST-1771661787606, Driver: Test Driver)
]]></system-out>
  </testcase>
  <testcase name="tripCancellationShouldResetStatusForDispatchedTrip" classname="com.fleetflow.bugfix.ProductionReadyMapFeaturePreservationTest" time="0.033">
    <system-out><![CDATA[2026-02-21T13:46:27.620+05:30  INFO 68853 --- [FleetFlow-Test] [           main] com.fleetflow.service.TripService        : Trip created: 23.0225,72.5714 -> 23.0300,72.5800 (Vehicle: TEST-1771661787615, Driver: Test Driver)
2026-02-21T13:46:27.624+05:30  INFO 68853 --- [FleetFlow-Test] [           main] com.fleetflow.service.TripService        : Trip 6 dispatched
2026-02-21T13:46:27.642+05:30  INFO 68853 --- [FleetFlow-Test] [           main] com.fleetflow.service.TripService        : Trip 6 cancelled
]]></system-out>
  </testcase>
  <testcase name="tripCompletionShouldUpdateOdometerAndRevenue" classname="com.fleetflow.bugfix.ProductionReadyMapFeaturePreservationTest" time="0.017">
    <system-out><![CDATA[2026-02-21T13:46:27.651+05:30  INFO 68853 --- [FleetFlow-Test] [           main] com.fleetflow.service.TripService        : Trip created: 23.0225,72.5714 -> 23.0300,72.5800 (Vehicle: TEST-1771661787647, Driver: Test Driver)
2026-02-21T13:46:27.653+05:30  INFO 68853 --- [FleetFlow-Test] [           main] com.fleetflow.service.TripService        : Trip 7 dispatched
2026-02-21T13:46:27.660+05:30  INFO 68853 --- [FleetFlow-Test] [           main] com.fleetflow.service.TripService        : Trip 7 completed
]]></system-out>
  </testcase>
  <testcase name="mapMarkersShouldDisplayCorrectly" classname="com.fleetflow.bugfix.ProductionReadyMapFeaturePreservationTest" time="2.135">
    <system-out><![CDATA[2026-02-21T13:46:27.668+05:30  INFO 68853 --- [FleetFlow-Test] [           main] com.fleetflow.service.TripService        : Trip created: 23.0225,72.5714 -> 23.0300,72.5800 (Vehicle: TEST-1771661787665, Driver: Test Driver)
2026-02-21T13:46:27.672+05:30  INFO 68853 --- [FleetFlow-Test] [           main] com.fleetflow.service.TripService        : Trip 8 dispatched
2026-02-21T13:46:27.683+05:30 DEBUG 68853 --- [FleetFlow-Test] [           main] com.fleetflow.service.OSRMRouteService   : OSRM fetch attempt 1 for route
2026-02-21T13:46:28.733+05:30  INFO 68853 --- [FleetFlow-Test] [           main] com.fleetflow.service.OSRMRouteService   : OSRM route fetched successfully on attempt 1
2026-02-21T13:46:28.736+05:30 DEBUG 68853 --- [FleetFlow-Test] [           main] com.fleetflow.service.OSRMRouteService   : OSRM fetch attempt 1 for route
2026-02-21T13:46:29.751+05:30  INFO 68853 --- [FleetFlow-Test] [           main] com.fleetflow.service.OSRMRouteService   : OSRM route fetched successfully on attempt 1
]]></system-out>
  </testcase>
  <testcase name="tripCancellationShouldResetStatusForDraftTrip" classname="com.fleetflow.bugfix.ProductionReadyMapFeaturePreservationTest" time="0.012">
    <system-out><![CDATA[2026-02-21T13:46:29.803+05:30  INFO 68853 --- [FleetFlow-Test] [           main] com.fleetflow.service.TripService        : Trip created: 23.0225,72.5714 -> 23.0300,72.5800 (Vehicle: TEST-1771661789800, Driver: Test Driver)
2026-02-21T13:46:29.808+05:30  INFO 68853 --- [FleetFlow-Test] [           main] com.fleetflow.service.TripService        : Trip 9 cancelled
]]></system-out>
  </testcase>
  <testcase name="tripDispatchShouldUpdateVehicleStatus" classname="com.fleetflow.bugfix.ProductionReadyMapFeaturePreservationTest" time="0.008">
    <system-out><![CDATA[2026-02-21T13:46:29.815+05:30  INFO 68853 --- [FleetFlow-Test] [           main] com.fleetflow.service.TripService        : Trip created: 23.0225,72.5714 -> 23.0300,72.5800 (Vehicle: TEST-1771661789812, Driver: Test Driver)
2026-02-21T13:46:29.817+05:30  INFO 68853 --- [FleetFlow-Test] [           main] com.fleetflow.service.TripService        : Trip 10 dispatched
]]></system-out>
  </testcase>
</testsuite>