<?xml version="1.0" encoding="UTF-8"?>
<testsuite xmlns:xsi="http://www.w3.org/2001/XMLSchema-instance" xsi:noNamespaceSchemaLocation="https://maven.apache.org/surefire/maven-surefire-plugin/xsd/surefire-test-report-3.0.xsd" version="3.0" name="com.fleetflow.bugfix.ProductionReadyMapFeatureBugExplorationTest" time="0.176" tests="3" errors="0" skipped="0" failures="1">
  <properties>
[...]
</properties>
  <testcase name="mapLocationPickerComponentShouldExist" classname="com.fleetflow.bugfix.ProductionReadyMapFeatureBugExplorationTest" time="0.006">
    <system-out><![CDATA[2026-02-21T13:46:29.823+05:30  INFO 68853 --- [FleetFlow-Test] [           main] t.c.s.AnnotationConfigContextLoaderUtils : Could not detect default configuration classes for test class [com.fleetflow.bugfix.ProductionReadyMapFeatureBugExplorationTest]: ProductionReadyMapFeatureBugExplorationTest does not declare any static, non-private, non-final, nested classes annotated with @Configuration.
2026-02-21T13:46:29.826+05:30  INFO 68853 --- [FleetFlow-Test] [           main] .b.t.c.SpringBootTestContextBootstrapper : Found @SpringBootConfiguration com.fleetflow.FleetFlowApplication for test class com.fleetflow.bugfix.ProductionReadyMapFeatureBugExplorationTest
]]></system-out>
  </testcase>
  <testcase name="routesShouldFollowRoadNetworkNotStraightLines" classname="com.fleetflow.bugfix.ProductionReadyMapFeatureBugExplorationTest" time="0.146">
    <failure message="[Dispatched trip should appear in map markers (vehicleId=16, driverId=15)] &#10;Expecting actual not to be null" type="java.lang.AssertionError"><![CDATA[java.lang.AssertionError: 
[Dispatched trip should appear in map markers (vehicleId=16, driverId=15)] 
Expecting actual not to be null
	at com.fleetflow.bugfix.ProductionReadyMapFeatureBugExplorationTest.routesShouldFollowRoadNetworkNotStraightLines(ProductionReadyMapFeatureBugExplorationTest.java:229)
	at java.base/java.lang.reflect.Method.invoke(Method.java:568)
	at java.base/java.util.ArrayList.forEach(ArrayList.java:1511)
	at java.base/java.util.ArrayList.forEach(ArrayList.java:1511)
]]></failure>
    <system-out><![CDATA[2026-02-21T13:46:29.843+05:30  INFO 68853 --- [FleetFlow-Test] [           main] com.fleetflow.service.TripService        : Trip created: 23.0225,72.5714 -> 23.0300,72.5800 (Vehicle: TEST-001, Driver: Test Driver)
2026-02-21T13:46:29.845+05:30  INFO 68853 --- [FleetFlow-Test] [           main] com.fleetflow.service.TripService        : Trip 11 dispatched
2026-02-21T13:46:29.959+05:30 DEBUG 68853 --- [FleetFlow-Test] [           main] com.fleetflow.service.OSRMRouteService   : Route cache hit for 23.07340,72.63270-21.19590,72.83020
2026-02-21T13:46:29.960+05:30 DEBUG 68853 --- [FleetFlow-Test] [           main] com.fleetflow.service.OSRMRouteService   : Route cache hit for 22.98500,72.37250-22.30390,70.80220

MockHttpServletRequest:
      HTTP Method = POST
      Request URI = /api/trips
       Parameters = {}
          Headers = [Content-Type:"application/json;charset=UTF-8", Content-Length:"166"]
             Body = {"vehicleId":16,"driverId":15,"origin":"23.0225,72.5714","destination":"23.0300,72.5800","originName":null,"destinationName":null,"cargoWeightKg":2000,"revenue":1500}
    Session Attrs = {}

Handler:
             Type = com.fleetflow.controller.TripController
           Method = com.fleetflow.controller.TripController#create(TripRequest)

Async:
    Async started = false
     Async result = null

Resolved Exception:
             Type = null

ModelAndView:
        View name = null
             View = null
            Model = null

FlashMap:
       Attributes = null

MockHttpServletResponse:
           Status = 200
    Error message = null
          Headers = [Vary:"Origin", "Access-Control-Request-Method", "Access-Control-Request-Headers", Content-Type:"application/json", X-Content-Type-Options:"nosniff", X-XSS-Protection:"0", Cache-Control:"no-cache, no-store, max-age=0, must-revalidate", Pragma:"no-cache", Expires:"0", X-Frame-Options:"DENY"]
     Content type = application/json
             Body = {"success":true,"message":"Trip created","data":{"id":11,"vehicleId":16,"vehicleName":"Test Truck","vehicleLicensePlate":"TEST-001","driverId":15,"driverName":"Test Driver","origin":"23.0225,72.5714","destination":"23.0300,72.5800","originName":null,"destinationName":null,"cargoWeightKg":2000,"maxCapacityKg":5000,"revenue":1500,"startOdometer":10000,"endOdometer":null,"status":"DRAFT","createdAt":"2026-02-21T13:46:29.843052","completedAt":null},"errors":null}
    Forwarded URL = null
   Redirected URL = null
          Cookies = []

MockHttpServletRequest:
      HTTP Method = PATCH
      Request URI = /api/trips/11/dispatch
       Parameters = {}
          Headers = []
             Body = null
    Session Attrs = {}

Handler:
             Type = com.fleetflow.controller.TripController
           Method = com.fleetflow.controller.TripController#dispatch(Long)

Async:
    Async started = false
     Async result = null

Resolved Exception:
             Type = null

ModelAndView:
        View name = null
             View = null
            Model = null

FlashMap:
       Attributes = null

MockHttpServletResponse:
           Status = 200
    Error message = null
          Headers = [Vary:"Origin", "Access-Control-Request-Method", "Access-Control-Request-Headers", Content-Type:"application/json", X-Content-Type-Options:"nosniff", X-XSS-Protection:"0", Cache-Control:"no-cache, no-store, max-age=0, must-revalidate", Pragma:"no-cache", Expires:"0", X-Frame-Options:"DENY"]
     Content type = application/json
             Body = {"success":true,"message":"Trip dispatched","data":{"id":11,"vehicleId":16,"vehicleName":"Test Truck","vehicleLicensePlate":"TEST-001","driverId":15,"driverName":"Test Driver","origin":"23.0225,72.5714","destination":"23.0300,72.5800","originName":null,"destinationName":null,"cargoWeightKg":2000,"maxCapacityKg":5000,"revenue":1500,"startOdometer":10000,"endOdometer":null,"status":"DISPATCHED","createdAt":"2026-02-21T13:46:29.843052","completedAt":null},"errors":null}
    Forwarded URL = null
   Redirected URL = null
          Cookies = []

MockHttpServletRequest:
      HTTP Method = GET
      Request URI = /api/map/markers
       Parameters = {}
          Headers = []
             Body = null
    Session Attrs = {}

Handler:
             Type = com.fleetflow.controller.MapController
           Method = com.fleetflow.controller.MapController#getMapMarkers()

Async:
    Async started = false
     Async result = null

Resolved Exception:
             Type = null

ModelAndView:
        View name = null
             View = null
            Model = null

FlashMap:
       Attributes = null

MockHttpServletResponse:
           Status = 200
    Error message = null
          Headers = [Vary:"Origin", "Access-Control-Request-Method", "Access-Control-Request-Headers", Content-Type:"application/json", X-Content-Type-Options:"nosniff", X-XSS-Protection:"0", Cache-Control:"no-cache, no-store, max-age=0, must-revalidate", Pragma:"no-cache", Expires:"0", X-Frame-Options:"DENY"]
     Content type = application/json
             Body = {"success":true,"message":"Map markers retrieved","data":[{"markerType":"COMBINED","vehicleId":3,"driverId":2,"vehicleName":"EICHER-01","vehicleModel":"Eicher Pro 3019","licensePlate":"GJ-05-EF-9012","vehicleType":"TRUCK","vehicleStatus":"ON_TRIP","driverName":"Anita Rathod","licenseCategory":"TRUCK","dutyStatus":"ON_DUTY","safetyScore":92,"licenseNumber":"GJ05-2020-005678","latitude":23.010721224243373,"longitude":72.60071115625398,"speed":50.063600216907666,"heading":241.4432686435052,"lastUpdated":"2026-02-21T13:46:27.163055","tripOrigin":"Ahmedabad GIDC","tripDestination":"Surat Diamond Market","originLat":23.0734,"originLng":72.6327,"destLat":21.1959,"destLng":72.8302,"totalDistanceKm":254.3,"remainingDistanceKm":245.9,"progressPercent":3.3,"estimatedMinutesRemaining":295,"routePolyline":[[23.07311,72.63354],[23.07315,72.63369],[23.07317,72.63377],[23.07323,72.634],[23.07318,72.63401],[23.07298,72.63408],[23.07313,72.63464],[23.07331,72.6353],[23.07321,72.63533],[23.07244,72.63565],[23.07222,72.63574],[23.07082,72.63626],[23.07091,72.63652],[23.07097,72.63671],[23.07102,72.63684],[23.07107,72.63704],[23.07123,72.63746],[23.07135,72.63788],[23.07138,72.63798],[23.07143,72.63838],[23.07139,72.63853],[23.07131,72.63886],[23.07123,72.63923],[23.07119,72.6394],[23.07104,72.63988],[23.07108,72.64026],[23.07109,72.64035],[23.07111,72.6408],[23.07117,72.64132],[23.07117,72.6418],[23.07084,72.6419],[23.07058,72.64198],[23.07056,72.64199],[23.07051,72.642],[23.06995,72.64213],[23.06988,72.64215],[23.06984,72.64216],[23.06953,72.64223],[23.0691,72.64233],[23.06899,72.64235],[23.06859,72.64243],[23.06819,72.64252],[23.06808,72.64254],[23.068,72.64256],[23.06767,72.64265],[23.06747,72.64271],[23.06745,72.64271],[23.06736,72.64274],[23.06698,72.64283],[23.06674,72.6429],[23.06665,72.64292],[23.06586,72.64309],[23.06567,72.64313],[23.06553,72.64318],[23.0654,72.64323],[23.06535,72.64332],[23.06531,72.6433],[23.06508,72.64322],[23.06479,72.64312],[23.06477,72.64311],[23.06475,72.6431],[23.06471,72.64307],[23.06454,72.64309],[23.0639,72.64306],[23.0636,72.64307],[23.06332,72.64309],[23.06228,72.64322],[23.06149,72.64322],[23.06124,72.6432],[23.06033,72.6431],[23.06018,72.64308],[23.05803,72.64288],[23.05711,72.64279],[23.05661,72.64274],[23.05653,72.64273],[23.05555,72.64264],[23.05473,72.64256],[23.05444,72.64252],[23.05401,72.64248],[23.05367,72.64243],[23.05349,72.64241],[23.05152,72.64199],[23.05088,72.64188],[23.05079,72.64186],[23.05004,72.64173],[23.04982,72.64169],[23.04894,72.64156],[23.04888,72.64155],[23.0483,72.64146],[23.04784,72.64139],[23.04745,72.64134],[23.04696,72.64129],[23.04627,72.64122],[23.04605,72.6412],[23.04561,72.64114],[23.0453,72.6411],[23.04488,72.641],[23.04231,72.64076],[23.04118,72.64066],[23.04086,72.64063],[23.03955,72.64049],[23.03925,72.64047],[23.03892,72.64043],[23.03878,72.64041],[23.03793,72.64033],[23.03742,72.64025],[23.03637,72.64004],[23.03613,72.64],[23.03559,72.63989],[23.03518,72.63981],[23.03462,72.6397],[23.03376,72.63951],[23.03343,72.63946],[23.03317,72.63943],[23.03308,72.63943],[23.03298,72.63942],[23.03224,72.63935],[23.03149,72.63927],[23.03026,72.63913],[23.02964,72.63906],[23.02959,72.63905],[23.02687,72.63884],[23.02631,72.63878],[23.02621,72.63877],[23.02598,72.63875],[23.02426,72.63861],[23.02411,72.6386],[23.02303,72.63854],[23.02151,72.63856],[23.02117,72.63858],[23.0209,72.6386],[23.02072,72.63861],[23.02045,72.63861],[23.02033,72.6386],[23.01992,72.63859],[23.01953,72.63856],[23.01943,72.63856],[23.01857,72.63856],[23.01837,72.63856],[23.01802,72.63856],[23.01739,72.63856],[23.01553,72.63855],[23.01466,72.63856],[23.01453,72.63856],[23.01439,72.63857],[23.01413,72.63857],[23.01358,72.63857],[23.01256,72.63857],[23.01188,72.63858],[23.01117,72.63859],[23.01042,72.63861],[23.01003,72.63862],[23.00919,72.63856],[23.00882,72.63849],[23.00877,72.63848],[23.0083,72.63832],[23.00745,72.63801],[23.00494,72.63721],[23.00489,72.63719],[23.00478,72.63716],[23.00409,72.63694],[23.00371,72.63679],[23.00105,72.63591],[23.00071,72.6358],[23.00019,72.63565],[22.99984,72.63551],[22.99965,72.63544],[22.99924,72.6353],[22.99903,72.63523],[22.99673,72.63447],[22.99638,72.63437],[22.9959,72.63422],[22.9956,72.6341],[22.99545,72.63405],[22.99502,72.63391],[22.99432,72.63367],[22.99323,72.63317],[22.9931,72.63311],[22.99286,72.63297],[22.99268,72.63287],[22.99261,72.63283],[22.99203,72.63244],[22.99156,72.63209],[22.99072,72.63132],[22.98943,72.62999],[22.98917,72.62978],[22.98908,72.62969],[22.98866,72.62957],[22.9884,72.62958],[22.98815,72.62964],[22.98791,72.62979],[22.98771,72.62998],[22.98753,72.63026],[22.98715,72.63087],[22.98694,72.63111],[22.9863,72.63223],[22.98614,72.63251],[22.98594,72.63283],[22.98469,72.63502],[22.9837,72.63676],[22.98359,72.63694],[22.98262,72.63862],[22.98102,72.64142],[22.98052,72.64228],[22.97996,72.64326],[22.97986,72.64344],[22.97586,72.65041],[22.97555,72.65095],[22.9739,72.6538],[22.97232,72.65655],[22.97165,72.65772],[22.97079,72.65921],[22.96856,72.6631],[22.96419,72.67072],[22.96095,72.67676],[22.95893,72.68051],[22.95882,72.68072],[22.95577,72.68638],[22.95142,72.6945],[22.95134,72.69465],[22.95086,72.69553],[22.94916,72.69868],[22.94875,72.69946],[22.94663,72.7034],[22.94214,72.71138],[22.93816,72.71838],[22.9356,72.72292],[22.93511,72.72378],[22.93494,72.72406],[22.93452,72.72483],[22.93415,72.72555],[22.93364,72.72659],[22.93245,72.72899],[22.93075,72.73245],[22.9304,72.73319],[22.92821,72.7376],[22.92648,72.74109],[22.92617,72.74171],[22.92413,72.74586],[22.92058,72.75312],[22.91986,72.75457],[22.91894,72.75613],[22.9182,72.75727],[22.91729,72.7585],[22.91627,72.75967],[22.91392,72.76206],[22.91293,72.76307],[22.91223,72.76384],[22.90812,72.76808],[22.90768,72.76854],[22.90547,72.77083],[22.89917,72.77716],[22.89225,72.78412],[22.88685,72.78958],[22.88243,72.79398],[22.88045,72.79598],[22.87937,72.79706],[22.87843,72.79786],[22.87758,72.79854],[22.87653,72.79925],[22.8757,72.79979],[22.87421,72.80066],[22.8724,72.80167],[22.87205,72.80187],[22.8701,72.80294],[22.86669,72.80483],[22.86057,72.80822],[22.85328,72.81231],[22.85304,72.81245],[22.84874,72.81486],[22.82506,72.82816],[22.82154,72.83013],[22.81971,72.83098],[22.81782,72.83174],[22.80201,72.83811],[22.78621,72.84447],[22.78153,72.84634],[22.78033,72.84683],[22.77462,72.84912],[22.77123,72.85057],[22.76788,72.85207],[22.7613,72.85509],[22.7612,72.85514],[22.74899,72.86074],[22.74827,72.86107],[22.74742,72.86139],[22.74577,72.86202],[22.74269,72.86319],[22.73981,72.86425],[22.73897,72.86458],[22.73887,72.86462],[22.7382,72.86489],[22.73633,72.86563],[22.73587,72.86581],[22.73527,72.86611],[22.7343,72.86663],[22.73236,72.8679],[22.73065,72.86943],[22.72747,72.87228],[22.72731,72.87243],[22.72602,72.87358],[22.72588,72.87371],[22.72075,72.87848],[22.71245,72.88544],[22.71014,72.88741],[22.70779,72.88934],[22.70331,72.89277],[22.69919,72.89589],[22.69867,72.89628],[22.69802,72.89678],[22.69376,72.90007],[22.6926,72.90095],[22.69186,72.90151],[22.69083,72.90225],[22.68953,72.90318],[22.68848,72.90385],[22.68779,72.90427],[22.68766,72.90436],[22.68709,72.90469],[22.6815,72.90807],[22.67029,72.91493],[22.67023,72.91496],[22.66697,72.91732],[22.66261,72.92053],[22.65855,72.92347],[22.65776,72.92404],[22.65378,72.92689],[22.64884,72.93041],[22.64716,72.93156],[22.64525,72.93304],[22.64478,72.9335],[22.64367,72.9346],[22.63948,72.93882],[22.6383,72.94002],[22.63805,72.94028],[22.63537,72.94302],[22.62908,72.94937],[22.6251,72.9534],[22.62211,72.95642],[22.62109,72.95744],[22.61812,72.96039],[22.61209,72.96659],[22.6083,72.97056],[22.60798,72.97091],[22.60493,72.97419],[22.60151,72.97769],[22.60087,72.97835],[22.59874,72.98043],[22.59849,72.98071],[22.59846,72.98073],[22.59792,72.9813],[22.59754,72.98169],[22.59636,72.9829],[22.59483,72.98446],[22.59454,72.98475],[22.59426,72.98502],[22.59395,72.98535],[22.59383,72.98547],[22.59365,72.98567],[22.59028,72.98913],[22.58935,72.99008],[22.58827,72.9912],[22.58718,72.99231],[22.58691,72.99259],[22.57958,73.00012],[22.57612,73.00348],[22.57214,73.00748],[22.56876,73.01084],[22.56349,73.01617],[22.56078,73.01888],[22.55938,73.02032],[22.55845,73.02126],[22.55776,73.0219],[22.55673,73.02281],[22.55356,73.02566],[22.55165,73.02741],[22.55145,73.02758],[22.54793,73.03075],[22.54721,73.03138],[22.54399,73.03428],[22.54179,73.03624],[22.54149,73.03649],[22.54049,73.03726],[22.53978,73.03777],[22.53887,73.03837],[22.5332,73.04204],[22.53245,73.04253],[22.52601,73.0467],[22.52546,73.04706],[22.5246,73.04764],[22.51828,73.05188],[22.51536,73.05388],[22.51271,73.05565],[22.5126,73.05572],[22.51157,73.05638],[22.51036,73.05711],[22.50915,73.05774],[22.50834,73.05817],[22.50696,73.0589],[22.50125,73.06184],[22.49539,73.06515],[22.49402,73.06592],[22.49181,73.06715],[22.49079,73.06769],[22.48983,73.06829],[22.48953,73.06848],[22.48873,73.06902],[22.48795,73.06964],[22.48738,73.07018],[22.48691,73.07064],[22.48646,73.07113],[22.48543,73.07241],[22.48461,73.07363],[22.4842,73.07422],[22.4837,73.07503],[22.48324,73.07591],[22.48288,73.07671],[22.4826,73.07751],[22.48237,73.07835],[22.48222,73.07915],[22.48203,73.0802],[22.48186,73.0813],[22.48155,73.08349],[22.48153,73.08393],[22.48153,73.08464],[22.48157,73.0852],[22.48162,73.08578],[22.48177,73.08736],[22.48187,73.08807],[22.48219,73.09117],[22.48233,73.09309],[22.48239,73.0939],[22.48241,73.09454],[22.48235,73.09518],[22.48225,73.09577],[22.48207,73.09674],[22.48192,73.09748],[22.48173,73.09829],[22.48145,73.09953],[22.48129,73.10018],[22.48111,73.10085],[22.48073,73.102],[22.48033,73.10317],[22.47999,73.10397],[22.47929,73.10529],[22.4786,73.10643],[22.47795,73.10746],[22.47726,73.10839],[22.4765,73.10925],[22.47578,73.11002],[22.47488,73.1108],[22.47402,73.11145],[22.47298,73.11212],[22.47211,73.11262],[22.47073,73.11322],[22.47066,73.11325],[22.46977,73.11362],[22.46606,73.11481],[22.46562,73.11496],[22.46333,73.11569],[22.46299,73.1158],[22.46223,73.11604],[22.46119,73.11637],[22.45772,73.11748],[22.45691,73.11774],[22.45108,73.1196],[22.44981,73.12002],[22.44904,73.12027],[22.44582,73.12131],[22.44567,73.12136],[22.4457,73.12158],[22.44572,73.12164],[22.44574,73.12166],[22.4461,73.12221],[22.44613,73.12224],[22.44626,73.12235],[22.44628,73.12238],[22.4467,73.12298],[22.44695,73.12335],[22.44717,73.12372],[22.44738,73.12421],[22.44743,73.12444],[22.4475,73.12509],[22.4473,73.1251],[22.44671,73.1252],[22.44667,73.12521],[22.44605,73.12534],[22.44558,73.12561],[22.44503,73.12595],[22.44467,73.12614],[22.44428,73.12636],[22.44329,73.12689],[22.44217,73.12737],[22.44018,73.12822],[22.43968,73.12834],[22.43963,73.12835],[22.43943,73.12838],[22.43906,73.12832],[22.43858,73.12824],[22.43833,73.12805],[22.43798,73.12766],[22.43687,73.12628],[22.43638,73.1256],[22.43572,73.12476],[22.43467,73.12335],[22.43428,73.12282],[22.43416,73.12267],[22.434,73.12252],[22.43379,73.12239],[22.43356,73.1223],[22.43346,73.12228],[22.4333,73.12224],[22.4329,73.1222],[22.43273,73.12219],[22.43243,73.12217],[22.4322,73.12216],[22.43209,73.12215],[22.43181,73.12213],[22.42991,73.122],[22.42979,73.12199],[22.42948,73.12195],[22.42936,73.12193],[22.42869,73.12185],[22.42855,73.12181],[22.42842,73.12175],[22.4284,73.12177],[22.42838,73.12179],[22.42802,73.12216],[22.4275,73.12262],[22.42732,73.12273],[22.42655,73.12322],[22.42566,73.12378],[22.42524,73.12404],[22.42454,73.12446],[22.42426,73.12464],[22.42378,73.12496],[22.42345,73.12511],[22.42318,73.1252],[22.42307,73.12524],[22.42269,73.12531],[22.42238,73.12534],[22.42222,73.12533],[22.42198,73.12529],[22.42159,73.12519],[22.42108,73.125],[22.42007,73.12453],[22.41999,73.12449],[22.41937,73.1242],[22.41931,73.12417],[22.41801,73.12356],[22.4179,73.1235],[22.41782,73.12346],[22.4176,73.12333],[22.41735,73.12322],[22.41726,73.12319],[22.41708,73.12312],[22.41691,73.12306],[22.41673,73.12302],[22.41649,73.12299],[22.41637,73.123],[22.41606,73.12306],[22.41587,73.12312],[22.41578,73.12313],[22.41557,73.12328],[22.41496,73.12373],[22.4146,73.12403],[22.41426,73.12432],[22.41344,73.12509],[22.41294,73.12547],[22.41283,73.12555],[22.41269,73.1256],[22.41259,73.12563],[22.41255,73.12568],[22.41229,73.12592],[22.412,73.12627],[22.41166,73.12674],[22.41115,73.12736],[22.41015,73.12861],[22.40983,73.12901],[22.4095,73.12938],[22.40895,73.12993],[22.40807,73.13077],[22.40677,73.13196],[22.40632,73.13241],[22.406,73.13281],[22.40546,73.13353],[22.40358,73.13596],[22.40296,73.13673],[22.40248,73.13722],[22.40199,73.13761],[22.4014,73.13801],[22.40058,73.13845],[22.40033,73.13861],[22.40014,73.13872],[22.40006,73.13877],[22.39726,73.14034],[22.39603,73.14101],[22.39554,73.14127],[22.39534,73.14139],[22.39331,73.14252],[22.39295,73.14271],[22.39245,73.14297],[22.39122,73.14362],[22.39109,73.14369],[22.39075,73.14388],[22.39066,73.14392],[22.38838,73.14522],[22.38828,73.14528],[22.38764,73.14567],[22.3873,73.1459],[22.38717,73.14606],[22.38689,73.14633],[22.38607,73.14727],[22.38559,73.14785],[22.38421,73.14954],[22.38315,73.15069],[22.38157,73.15234],[22.38002,73.15386],[22.37868,73.15509],[22.37874,73.15517],[22.3785,73.15541],[22.37776,73.15608],[22.37675,73.15702],[22.37637,73.15736],[22.37609,73.15764],[22.37587,73.15791],[22.37579,73.15801],[22.37574,73.15806],[22.37561,73.15826],[22.37544,73.15853],[22.37539,73.15863],[22.37537,73.15868],[22.37535,73.15872],[22.37511,73.15859],[22.37508,73.15858],[22.37502,73.15862],[22.37415,73.15944],[22.37382,73.15976],[22.37347,73.1601],[22.37345,73.16012],[22.37215,73.16132],[22.37147,73.16194],[22.3706,73.16284],[22.37006,73.16339],[22.36966,73.16381],[22.36905,73.16441],[22.36895,73.16451],[22.3688,73.16463],[22.3684,73.16491],[22.36795,73.16515],[22.36766,73.16528],[22.36708,73.16543],[22.36623,73.16557],[22.36554,73.16564],[22.36491,73.16569],[22.36444,73.16573],[22.36433,73.16574],[22.3633,73.16586],[22.3632,73.16588],[22.36254,73.16595],[22.36228,73.16598],[22.36181,73.16602],[22.36123,73.16608],[22.3602,73.16619],[22.35983,73.16625],[22.35875,73.16636],[22.35843,73.16639],[22.35787,73.16644],[22.35682,73.16662],[22.35639,73.16678],[22.3559,73.1671],[22.35549,73.16747],[22.35512,73.16786],[22.35494,73.16806],[22.35483,73.16817],[22.3548,73.16821],[22.35475,73.16827],[22.35399,73.16923],[22.35398,73.16924],[22.35323,73.17035],[22.35277,73.17095],[22.35272,73.17101],[22.35253,73.17121],[22.35228,73.17143],[22.35138,73.17212],[22.35092,73.1725],[22.35084,73.17257],[22.35053,73.17283],[22.35028,73.17303],[22.34993,73.17332],[22.34971,73.17347],[22.34959,73.17355],[22.34938,73.17369],[22.3492,73.17382],[22.34862,73.17422],[22.3484,73.17439],[22.34798,73.17466],[22.34784,73.17475],[22.34773,73.17482],[22.34741,73.17505],[22.34733,73.1751],[22.34695,73.17536],[22.34638,73.17569],[22.34619,73.17577],[22.34576,73.17594],[22.34557,73.17597],[22.34502,73.17611],[22.34497,73.17617],[22.34491,73.17621],[22.34484,73.17623],[22.34478,73.17626],[22.34433,73.1765],[22.34382,73.17671],[22.34323,73.17694],[22.34284,73.17707],[22.34243,73.17723],[22.34224,73.1773],[22.34149,73.17759],[22.34148,73.17762],[22.34146,73.17764],[22.34143,73.17766],[22.34139,73.17766],[22.34136,73.17765],[22.34133,73.17764],[22.34115,73.17772],[22.34086,73.17784],[22.34078,73.17788],[22.34039,73.17804],[22.34004,73.17815],[22.33947,73.17832],[22.33925,73.17839],[22.33861,73.17853],[22.33812,73.17863],[22.33807,73.17865],[22.33773,73.17872],[22.33725,73.17881],[22.33673,73.1789],[22.33671,73.17893],[22.33669,73.17895],[22.33667,73.17897],[22.33664,73.17897],[22.33661,73.17896],[22.33658,73.17895],[22.33621,73.17909],[22.33576,73.17926],[22.33528,73.17948],[22.335,73.1796],[22.33476,73.17973],[22.33449,73.17986],[22.33416,73.18003],[22.33396,73.18021],[22.33385,73.18031],[22.33373,73.18039],[22.33357,73.18045],[22.33336,73.1805],[22.33282,73.18059],[22.33229,73.18074],[22.33207,73.1808],[22.33166,73.18092],[22.33094,73.18113],[22.33022,73.18132],[22.32994,73.1814],[22.32849,73.18178],[22.32821,73.18187],[22.32787,73.18199],[22.32775,73.18205],[22.32751,73.18219],[22.32657,73.1827],[22.32608,73.18296],[22.32565,73.18316],[22.32519,73.18336],[22.32502,73.18344],[22.32419,73.18389],[22.32329,73.18435],[22.32319,73.1844],[22.32297,73.18451],[22.3229,73.18455],[22.32261,73.18469],[22.32174,73.18512],[22.32146,73.18526],[22.31938,73.1863],[22.31923,73.18638],[22.31905,73.18651],[22.31868,73.18696],[22.31865,73.187],[22.31858,73.18708],[22.31854,73.18715],[22.31834,73.18744],[22.31836,73.18749],[22.31836,73.18752],[22.31836,73.18755],[22.31834,73.1876],[22.31831,73.18764],[22.31827,73.18767],[22.31822,73.18769],[22.31817,73.18768],[22.31812,73.18765],[22.31808,73.18761],[22.31807,73.18758],[22.31806,73.18754],[22.31806,73.1875],[22.31747,73.18749],[22.31709,73.18753],[22.316,73.18764],[22.31587,73.18766],[22.31505,73.18775],[22.31312,73.18775],[22.31289,73.18776],[22.31204,73.18776],[22.31192,73.18779],[22.31118,73.18791],[22.31056,73.188],[22.31029,73.18801],[22.30935,73.18792],[22.30931,73.18792],[22.30927,73.18793],[22.30923,73.18796],[22.30912,73.18809],[22.30911,73.18815],[22.30909,73.18821],[22.30905,73.18825],[22.309,73.18827],[22.30875,73.18842],[22.30855,73.18856],[22.30809,73.18895],[22.30805,73.18899],[22.30802,73.18904],[22.308,73.1891],[22.30786,73.1891],[22.30773,73.18911],[22.30525,73.18934],[22.30504,73.18935],[22.3049,73.18936],[22.30466,73.18937],[22.30452,73.18938],[22.30435,73.18942],[22.30417,73.18948],[22.30411,73.18951],[22.30396,73.18957],[22.30361,73.18979],[22.30347,73.1899],[22.3032,73.19015],[22.30244,73.19085],[22.30153,73.19169],[22.30144,73.19179],[22.30137,73.19189],[22.30132,73.19203],[22.30129,73.19216],[22.30128,73.19238],[22.30125,73.19308],[22.30124,73.19351],[22.3012,73.1946],[22.30119,73.19474],[22.30121,73.19492],[22.30123,73.19505],[22.30105,73.19505],[22.30097,73.19506],[22.30028,73.19501],[22.3,73.19496],[22.29987,73.19496],[22.29963,73.19495],[22.29958,73.19495],[22.29852,73.1949],[22.29751,73.19484],[22.29667,73.19481],[22.29559,73.19479],[22.2955,73.19479],[22.29517,73.19475],[22.2939,73.19468],[22.29264,73.1946],[22.29039,73.19443],[22.29033,73.19443],[22.2903,73.19442],[22.29025,73.19442],[22.29,73.1944],[22.2898,73.19439],[22.28963,73.19438],[22.28772,73.19425],[22.2873,73.19425],[22.28725,73.19426],[22.28721,73.19428],[22.2869,73.19442],[22.28647,73.1946],[22.28544,73.19502],[22.28382,73.19571],[22.28335,73.19591],[22.28329,73.19593],[22.28281,73.19614],[22.28245,73.1962],[22.28117,73.19673],[22.2799,73.19729],[22.2791,73.19761],[22.2789,73.19768],[22.27853,73.19783],[22.27827,73.19793],[22.27785,73.19807],[22.27736,73.19833],[22.2773,73.1984],[22.27719,73.1986],[22.277,73.19891],[22.27693,73.19904],[22.27686,73.19913],[22.2768,73.1992],[22.27653,73.19942],[22.27647,73.19946],[22.27607,73.19973],[22.2755,73.20007],[22.27519,73.20024],[22.27486,73.20044],[22.27465,73.20058],[22.27407,73.20095],[22.27359,73.20121],[22.27346,73.20129],[22.27229,73.202],[22.2719,73.20222],[22.27155,73.20242],[22.27061,73.20299],[22.27055,73.20304],[22.27048,73.20311],[22.27038,73.20322],[22.27039,73.20325],[22.27039,73.20328],[22.27038,73.20331],[22.27036,73.20334],[22.27034,73.20336],[22.27031,73.20338],[22.27028,73.20339],[22.27024,73.20339],[22.27022,73.20338],[22.2702,73.20336],[22.26985,73.20324],[22.26959,73.20314],[22.26939,73.20307],[22.26924,73.20302],[22.26877,73.20286],[22.26865,73.2028],[22.26788,73.20254],[22.26778,73.20251],[22.26712,73.20228],[22.26683,73.20217],[22.2663,73.20199],[22.26521,73.20165],[22.26517,73.20164],[22.26483,73.20153],[22.26453,73.20143],[22.26401,73.20127],[22.26352,73.20111],[22.26276,73.20088],[22.26232,73.20074],[22.26216,73.20069],[22.26169,73.20053],[22.26159,73.20049],[22.26027,73.20005],[22.26001,73.19996],[22.25981,73.19989],[22.25906,73.19966],[22.25784,73.19929],[22.25766,73.19926],[22.25754,73.19927],[22.25737,73.19929],[22.25735,73.19929],[22.25732,73.1993],[22.25726,73.19929],[22.25721,73.19926],[22.25719,73.19924],[22.25718,73.19922],[22.25704,73.19909],[22.25686,73.19897],[22.25625,73.19871],[22.25552,73.19847],[22.25508,73.19832],[22.25459,73.19816],[22.2542,73.19803],[22.25392,73.19793],[22.2528,73.19756],[22.25153,73.19713],[22.25079,73.19688],[22.24992,73.19659],[22.24969,73.19651],[22.24906,73.1963],[22.24894,73.19626],[22.24817,73.19602],[22.24796,73.19596],[22.247,73.19565],[22.2469,73.19562],[22.24651,73.19549],[22.24627,73.19536],[22.24611,73.19523],[22.24604,73.19518],[22.2457,73.19489],[22.2456,73.19478],[22.24537,73.1945],[22.24515,73.19412],[22.24507,73.19391],[22.245,73.19374],[22.24497,73.19361],[22.24481,73.19288],[22.24469,73.19237],[22.24466,73.19225],[22.24455,73.19173],[22.24443,73.19119],[22.24441,73.19114],[22.24432,73.19088],[22.24428,73.19073],[22.24414,73.1904],[22.24396,73.1901],[22.24373,73.18985],[22.24343,73.1896],[22.24322,73.18942],[22.24299,73.18925],[22.24197,73.18872],[22.2416,73.18858],[22.24139,73.18857],[22.24133,73.18857],[22.24126,73.18857],[22.24096,73.18859],[22.23994,73.18885],[22.23976,73.18888],[22.23928,73.18891],[22.23913,73.18892],[22.23887,73.18894],[22.23878,73.18893],[22.23856,73.18892],[22.23843,73.18892],[22.23835,73.18891],[22.23812,73.18887],[22.2379,73.18884],[22.2375,73.18876],[22.23742,73.18874],[22.23686,73.18866],[22.2353,73.18844],[22.23461,73.18833],[22.23261,73.18805],[22.23215,73.18801],[22.23205,73.18799],[22.23158,73.18791],[22.23091,73.18784],[22.22946,73.18764],[22.22852,73.18753],[22.22765,73.18739],[22.22725,73.18729],[22.22718,73.18728],[22.2265,73.18721],[22.2261,73.18717],[22.22584,73.18714],[22.22572,73.18714],[22.22559,73.18721],[22.22551,73.1873],[22.22541,73.1875],[22.22538,73.18756],[22.22524,73.18788],[22.22518,73.18784],[22.22482,73.1876],[22.22428,73.18736],[22.22407,73.1873],[22.22379,73.18723],[22.22354,73.18718],[22.2232,73.18711],[22.22251,73.18709],[22.22211,73.18713],[22.22191,73.18707],[22.2214,73.18721],[22.22092,73.18736],[22.22014,73.18759],[22.21993,73.18766],[22.21966,73.18772],[22.21921,73.18786],[22.21873,73.18802],[22.21809,73.18833],[22.2178,73.1885],[22.21736,73.18875],[22.217,73.18894],[22.21664,73.18915],[22.21652,73.18922],[22.21604,73.18948],[22.21575,73.18959],[22.21554,73.18967],[22.21526,73.18975],[22.21472,73.18989],[22.21315,73.19015],[22.21211,73.19033],[22.21199,73.19035],[22.21077,73.19055],[22.20998,73.19068],[22.20911,73.19082],[22.20834,73.19095],[22.20799,73.191],[22.20696,73.19118],[22.20533,73.19145],[22.20362,73.1917],[22.20313,73.19178],[22.20271,73.19184],[22.20235,73.1919],[22.20198,73.19197],[22.20138,73.19207],[22.20113,73.1921],[22.20088,73.19211],[22.20057,73.19212],[22.2003,73.19208],[22.20016,73.19206],[22.19975,73.19198],[22.19869,73.19178],[22.19785,73.19163],[22.19751,73.19157],[22.19608,73.19132],[22.19577,73.19125],[22.19561,73.19121],[22.19522,73.1911],[22.19488,73.19096],[22.19445,73.19079],[22.19427,73.19068],[22.1942,73.19064],[22.19399,73.19051],[22.19349,73.19013],[22.19306,73.18979],[22.19304,73.18976],[22.19259,73.18939],[22.19244,73.18927],[22.19211,73.18899],[22.19115,73.18819],[22.19072,73.18783],[22.19016,73.18736],[22.19004,73.18726],[22.18957,73.18688],[22.18907,73.18657],[22.18867,73.18637],[22.18821,73.1862],[22.1877,73.18602],[22.18716,73.18593],[22.18653,73.18587],[22.18489,73.1857],[22.18329,73.18554],[22.18266,73.18548],[22.18253,73.18546],[22.18147,73.18538],[22.18112,73.18531],[22.18101,73.18529],[22.18084,73.18525],[22.18037,73.18514],[22.17996,73.18503],[22.17961,73.18493],[22.17833,73.18457],[22.17668,73.18413],[22.17646,73.18407],[22.17613,73.18398],[22.17576,73.18388],[22.17326,73.18319],[22.17112,73.18259],[22.17056,73.18244],[22.17014,73.18234],[22.16977,73.18228],[22.16946,73.18225],[22.16868,73.18228],[22.16798,73.18235],[22.16757,73.18239],[22.16721,73.18242],[22.16617,73.18253],[22.16566,73.18258],[22.16538,73.18261],[22.16463,73.18269],[22.1639,73.18278],[22.16356,73.18283],[22.16328,73.18285],[22.16288,73.1829],[22.16275,73.18292],[22.16232,73.18298],[22.16184,73.18314],[22.16168,73.18321],[22.16092,73.18356],[22.16046,73.18369],[22.16038,73.18375],[22.16022,73.1838],[22.15967,73.18398],[22.15841,73.18436],[22.15682,73.18493],[22.15653,73.18504],[22.15531,73.18547],[22.15469,73.18569],[22.15428,73.18584],[22.15398,73.18592],[22.15355,73.18601],[22.15333,73.18606],[22.15302,73.18607],[22.15266,73.18606],[22.15212,73.18598],[22.15123,73.18576],[22.15041,73.18557],[22.14942,73.18532],[22.14882,73.18511],[22.14854,73.18501],[22.14811,73.18475],[22.1479,73.18462],[22.14762,73.18442],[22.14699,73.18391],[22.14673,73.18368],[22.14656,73.18354],[22.14621,73.18329],[22.1459,73.1831],[22.14576,73.18304],[22.14565,73.18299],[22.14527,73.18287],[22.14488,73.18278],[22.14464,73.18275],[22.14421,73.18275],[22.14384,73.18277],[22.14345,73.18284],[22.14315,73.1829],[22.14121,73.18335],[22.14095,73.1834],[22.14062,73.18349],[22.14044,73.18354],[22.14006,73.18367],[22.13962,73.18385],[22.13916,73.18409],[22.13882,73.18429],[22.13849,73.18449],[22.13827,73.1846],[22.13784,73.18478],[22.13733,73.18497],[22.13715,73.18504],[22.13665,73.18521],[22.13602,73.18538],[22.13467,73.18581],[22.13355,73.18617],[22.13231,73.18658],[22.13212,73.18664],[22.13071,73.1871],[22.12928,73.18758],[22.12862,73.1878],[22.12797,73.18798],[22.12737,73.18811],[22.12688,73.1882],[22.12609,73.18833],[22.12518,73.1885],[22.12412,73.1887],[22.12335,73.18885],[22.12318,73.18887],[22.12183,73.18912],[22.12063,73.18936],[22.11972,73.18951],[22.11872,73.18966],[22.11726,73.18982],[22.11605,73.18994],[22.11597,73.18995],[22.11479,73.19009],[22.11375,73.19023],[22.11222,73.19042],[22.11214,73.19043],[22.11186,73.19047],[22.11062,73.19061],[22.10914,73.19082],[22.10874,73.19087],[22.10722,73.19107],[22.10632,73.19122],[22.10622,73.19123],[22.10611,73.19125],[22.10583,73.19129],[22.10503,73.19132],[22.10459,73.19129],[22.10418,73.19121],[22.10381,73.19108],[22.10359,73.19101],[22.10339,73.19095],[22.10334,73.19092],[22.10211,73.19051],[22.10124,73.19022],[22.1006,73.19008],[22.09966,73.18987],[22.09906,73.18977],[22.09836,73.18965],[22.0973,73.18941],[22.09692,73.18928],[22.09644,73.18909],[22.09601,73.18879],[22.09551,73.18842],[22.09513,73.18801],[22.09486,73.18769],[22.09454,73.18715],[22.09443,73.18692],[22.09425,73.18648],[22.0941,73.18603],[22.094,73.18557],[22.09394,73.18507],[22.09387,73.18409],[22.09378,73.18293],[22.09371,73.1823],[22.09361,73.18171],[22.0934,73.18096],[22.09326,73.18052],[22.09319,73.18032],[22.09296,73.1797],[22.09252,73.17852],[22.09157,73.17594],[22.09097,73.17422],[22.09063,73.17332],[22.09024,73.17227],[22.08979,73.17101],[22.08938,73.16989],[22.08904,73.16897],[22.08886,73.16853],[22.08869,73.16816],[22.08826,73.16747],[22.08818,73.16735],[22.08778,73.1668],[22.08707,73.16603],[22.08652,73.16554],[22.08606,73.16517],[22.08531,73.16453],[22.08506,73.16433],[22.08382,73.16331],[22.08322,73.16279],[22.08245,73.16214],[22.08214,73.1619],[22.08175,73.16159],[22.081,73.16093],[22.08066,73.16053],[22.08033,73.16005],[22.08013,73.15959],[22.08004,73.15937],[22.07997,73.15918],[22.07967,73.15829],[22.07919,73.15692],[22.07865,73.15534],[22.07816,73.15393],[22.07754,73.15209],[22.07719,73.1511],[22.07694,73.15057],[22.07678,73.15027],[22.07667,73.15009],[22.07621,73.14948],[22.07584,73.14912],[22.07542,73.14873],[22.07501,73.14845],[22.07492,73.1484],[22.07417,73.14797],[22.07305,73.14729],[22.07155,73.14641],[22.07007,73.14553],[22.06964,73.1452],[22.06955,73.14512],[22.06925,73.14486],[22.06897,73.14449],[22.06854,73.14384],[22.06706,73.14113],[22.0665,73.14011],[22.06609,73.13944],[22.0657,73.13893],[22.06512,73.13829],[22.06476,73.13791],[22.06343,73.13648],[22.06136,73.13425],[22.05978,73.13258],[22.05975,73.13254],[22.05967,73.13246],[22.05894,73.13165],[22.05852,73.13124],[22.05819,73.13097],[22.05777,73.13069],[22.05729,73.13049],[22.05579,73.12991],[22.05478,73.12957],[22.05295,73.12889],[22.05229,73.12863],[22.05169,73.12841],[22.05115,73.12822],[22.04777,73.12703],[22.04625,73.12646],[22.04458,73.12586],[22.04434,73.12577],[22.04239,73.12505],[22.04041,73.12434],[22.03847,73.12368],[22.03785,73.12344],[22.03633,73.1229],[22.03415,73.12212],[22.03243,73.12144],[22.03073,73.12082],[22.03049,73.12074],[22.02969,73.12044],[22.02862,73.12005],[22.0267,73.1194],[22.02525,73.11886],[22.02442,73.11856],[22.02291,73.11801],[22.02224,73.11778],[22.02008,73.11697],[22.01952,73.11677],[22.01878,73.1165],[22.01859,73.11643],[22.01675,73.11593],[22.01577,73.11573],[22.01479,73.11544],[22.01285,73.11444],[22.01181,73.11393],[22.01032,73.11334],[22.00913,73.11292],[22.00858,73.11269],[22.00583,73.11168],[22.00574,73.11164],[22.00489,73.11134],[22.00461,73.11124],[22.00314,73.11069],[22.00172,73.11016],[22.00012,73.10957],[21.9986,73.10901],[21.99726,73.1085],[21.99633,73.10816],[21.99488,73.10762],[21.99427,73.10739],[21.99365,73.10723],[21.99312,73.10719],[21.99242,73.10722],[21.99201,73.10726],[21.99092,73.10744],[21.99032,73.10746],[21.99029,73.10746],[21.98953,73.10733],[21.98894,73.10716],[21.98808,73.10684],[21.98725,73.10646],[21.98662,73.10608],[21.9862,73.10577],[21.98575,73.10536],[21.98511,73.10472],[21.98452,73.10413],[21.98415,73.10382],[21.9836,73.10348],[21.98311,73.10327],[21.98245,73.10301],[21.98139,73.10264],[21.97989,73.10212],[21.9784,73.10158],[21.97619,73.10082],[21.9746,73.10025],[21.97177,73.09926],[21.96908,73.09826],[21.96805,73.09788],[21.96716,73.09754],[21.96518,73.09673],[21.96409,73.09631],[21.9623,73.09561],[21.96049,73.09492],[21.95906,73.09432],[21.95793,73.0939],[21.95573,73.09309],[21.95452,73.09262],[21.95361,73.09233],[21.95357,73.09232],[21.95294,73.09208],[21.95214,73.09178],[21.95033,73.09113],[21.94845,73.09045],[21.94634,73.08967],[21.94439,73.08896],[21.94228,73.08822],[21.94217,73.08818],[21.93982,73.08735],[21.9381,73.0867],[21.93525,73.08567],[21.93308,73.08489],[21.93053,73.08396],[21.92938,73.08354],[21.92817,73.0831],[21.92782,73.08297],[21.92612,73.08233],[21.92468,73.0818],[21.92312,73.08122],[21.92185,73.08076],[21.92064,73.08033],[21.9195,73.0799],[21.91818,73.07941],[21.91678,73.07892],[21.91631,73.07876],[21.91496,73.07824],[21.91475,73.07816],[21.91457,73.0781],[21.91387,73.07784],[21.91341,73.07767],[21.913,73.07752],[21.9129,73.07749],[21.91204,73.07717],[21.91138,73.07692],[21.9107,73.07669],[21.91041,73.07659],[21.91018,73.0765],[21.90971,73.07633],[21.90967,73.07631],[21.90945,73.07623],[21.90921,73.07615],[21.90848,73.07586],[21.90827,73.07577],[21.90683,73.07527],[21.90623,73.07505],[21.90562,73.07481],[21.90402,73.07422],[21.90383,73.07415],[21.90271,73.07373],[21.90206,73.07349],[21.90134,73.07323],[21.90114,73.07316],[21.89908,73.07238],[21.89707,73.07163],[21.89687,73.07156],[21.89616,73.07129],[21.89589,73.07118],[21.89391,73.07044],[21.89304,73.07012],[21.89283,73.07003],[21.89073,73.0692],[21.89043,73.06909],[21.88825,73.06829],[21.88794,73.06817],[21.88571,73.06734],[21.88536,73.06721],[21.88339,73.06646],[21.88139,73.06573],[21.88096,73.06557],[21.87954,73.06504],[21.87872,73.0648],[21.87764,73.06454],[21.87664,73.0643],[21.87522,73.06396],[21.87304,73.06342],[21.87067,73.06289],[21.86836,73.06235],[21.8675,73.06215],[21.86694,73.06201],[21.86593,73.06177],[21.8651,73.06159],[21.86359,73.06125],[21.86177,73.0608],[21.86151,73.06073],[21.86087,73.06059],[21.86069,73.06055],[21.85887,73.06012],[21.85746,73.05978],[21.85523,73.05923],[21.85465,73.05912],[21.85373,73.05892],[21.85051,73.05817],[21.84879,73.05778],[21.84837,73.05765],[21.84818,73.0576],[21.84809,73.05757],[21.84768,73.05744],[21.84755,73.0574],[21.84606,73.05679],[21.84423,73.056],[21.84378,73.0558],[21.84297,73.05546],[21.84215,73.05511],[21.84143,73.0548],[21.83903,73.05375],[21.83874,73.05362],[21.83757,73.05311],[21.83734,73.05301],[21.83667,73.05271],[21.83378,73.05141],[21.83299,73.05105],[21.83134,73.05028],[21.82965,73.04951],[21.8286,73.04906],[21.82829,73.04892],[21.82731,73.04849],[21.82392,73.04696],[21.82326,73.04665],[21.82271,73.04639],[21.81941,73.04486],[21.81658,73.04355],[21.81555,73.04308],[21.81143,73.04135],[21.8096,73.04055],[21.80801,73.03985],[21.80659,73.03928],[21.80554,73.03885],[21.80528,73.03874],[21.80347,73.03793],[21.80291,73.03768],[21.80251,73.03751],[21.79883,73.03592],[21.79872,73.03587],[21.79863,73.03583],[21.79684,73.03503],[21.79517,73.0343],[21.79332,73.03351],[21.79198,73.03291],[21.79156,73.03272],[21.79147,73.03268],[21.79078,73.03239],[21.79027,73.03217],[21.78913,73.0317],[21.78881,73.03156],[21.78686,73.03068],[21.78523,73.02995],[21.78517,73.02992],[21.78328,73.02915],[21.78048,73.02817],[21.77803,73.02732],[21.77648,73.02679],[21.77629,73.02672],[21.77389,73.02588],[21.77371,73.02583],[21.77332,73.02569],[21.77186,73.02519],[21.77129,73.02499],[21.77094,73.02486],[21.76864,73.02404],[21.76804,73.02382],[21.76775,73.02372],[21.76535,73.0228],[21.76483,73.0226],[21.7639,73.02224],[21.76367,73.02215],[21.76291,73.02185],[21.7597,73.02057],[21.75933,73.02042],[21.75749,73.01967],[21.75658,73.0193],[21.75587,73.01903],[21.75551,73.01894],[21.75529,73.0189],[21.75491,73.01885],[21.75454,73.0188],[21.75402,73.01882],[21.75374,73.01885],[21.75334,73.0189],[21.75309,73.01899],[21.75161,73.01954],[21.75063,73.0199],[21.7482,73.02081],[21.74773,73.02099],[21.74565,73.02175],[21.74469,73.0221],[21.74412,73.02231],[21.74171,73.02318],[21.74009,73.02377],[21.73948,73.02404],[21.7391,73.02415],[21.73738,73.02476],[21.73688,73.02494],[21.73568,73.02545],[21.73559,73.02551],[21.7344,73.02639],[21.73398,73.02676],[21.73288,73.02774],[21.73285,73.02776],[21.73194,73.02864],[21.73142,73.02913],[21.73132,73.02922],[21.73109,73.02892],[21.73098,73.02871],[21.73098,73.02868],[21.73083,73.0281],[21.73061,73.02717],[21.73053,73.02687],[21.73046,73.02659],[21.72924,73.02155],[21.72896,73.02041],[21.72874,73.0195],[21.72855,73.01866],[21.72833,73.01776],[21.72828,73.01753],[21.72817,73.01709],[21.72812,73.01691],[21.72805,73.01659],[21.72795,73.01615],[21.7279,73.01594],[21.72781,73.01555],[21.72776,73.01534],[21.72756,73.01443],[21.72729,73.0133],[21.72719,73.01285],[21.72671,73.01078],[21.72642,73.00944],[21.72623,73.00861],[21.72592,73.0072],[21.7259,73.00712],[21.72579,73.00678],[21.72577,73.00675],[21.72576,73.00673],[21.72548,73.00661],[21.72515,73.00647],[21.72508,73.00644],[21.72414,73.00605],[21.72384,73.00592],[21.7235,73.00578],[21.72311,73.00562],[21.72252,73.00537],[21.72166,73.00502],[21.72152,73.00497],[21.72141,73.00492],[21.72127,73.00486],[21.72056,73.00458],[21.71985,73.00428],[21.71958,73.00416],[21.71928,73.00404],[21.71896,73.0039],[21.71866,73.00378],[21.71837,73.00366],[21.71806,73.00353],[21.71781,73.00343],[21.7172,73.00318],[21.71684,73.00303],[21.71642,73.00286],[21.71617,73.00276],[21.71609,73.00273],[21.71599,73.00269],[21.71549,73.0025],[21.7151,73.00238],[21.71498,73.00232],[21.71486,73.00227],[21.71483,73.00224],[21.71476,73.00219],[21.71461,73.00207],[21.71377,73.00173],[21.71325,73.00151],[21.71269,73.00131],[21.71239,73.00123],[21.7119,73.00114],[21.71092,73.001],[21.70999,73.00085],[21.70853,73.00063],[21.70755,73.00046],[21.70646,73.00036],[21.70559,73.00023],[21.70512,73.00017],[21.70479,73.00014],[21.70442,73.00013],[21.70409,73.00014],[21.70347,73.00023],[21.70288,73.00038],[21.70251,73.00047],[21.70211,73.00059],[21.70158,73.00074],[21.70113,73.00092],[21.70091,73.00103],[21.70016,73.00141],[21.69902,73.00202],[21.69769,73.00275],[21.6963,73.00352],[21.69491,73.00427],[21.69396,73.00478],[21.69308,73.00527],[21.69177,73.00602],[21.69079,73.00652],[21.68998,73.00698],[21.68847,73.00791],[21.68787,73.00815],[21.68628,73.0087],[21.68554,73.00902],[21.68465,73.0095],[21.68331,73.01023],[21.6825,73.01067],[21.6822,73.01083],[21.68144,73.01125],[21.68102,73.0115],[21.68041,73.01207],[21.67953,73.0129],[21.67927,73.01311],[21.67911,73.01323],[21.67855,73.01358],[21.67798,73.01384],[21.67762,73.01396],[21.67673,73.0141],[21.67518,73.01414],[21.67379,73.01414],[21.67301,73.0141],[21.67288,73.0141],[21.67224,73.01402],[21.67089,73.01381],[21.66997,73.01363],[21.66872,73.01333],[21.6661,73.01269],[21.66492,73.0124],[21.6648,73.01237],[21.66341,73.01205],[21.66174,73.01164],[21.66051,73.01133],[21.65957,73.01111],[21.65705,73.01051],[21.6566,73.0104],[21.65588,73.01022],[21.65418,73.00983],[21.65142,73.00917],[21.64977,73.00874],[21.6497,73.00872],[21.64953,73.00868],[21.64799,73.00832],[21.64775,73.00825],[21.64765,73.00822],[21.64638,73.0079],[21.64619,73.00785],[21.64472,73.00748],[21.64465,73.00746],[21.64407,73.00729],[21.64399,73.00727],[21.64293,73.00703],[21.64181,73.00672],[21.64169,73.0067],[21.6416,73.00667],[21.64007,73.00622],[21.63779,73.00562],[21.63758,73.00556],[21.63714,73.00544],[21.6346,73.00477],[21.63432,73.00472],[21.63409,73.00471],[21.63375,73.00479],[21.63255,73.00504],[21.63226,73.00506],[21.63207,73.00505],[21.63164,73.00494],[21.63141,73.0049],[21.62942,73.0044],[21.6279,73.00401],[21.62665,73.0037],[21.62482,73.00324],[21.62365,73.00295],[21.62187,73.00249],[21.62126,73.00233],[21.62056,73.00278],[21.61963,73.00337],[21.61932,73.00358],[21.61917,73.00339],[21.61848,73.00276],[21.61744,73.00193],[21.61646,73.00128],[21.61602,73.00095],[21.61589,73.00079],[21.61577,73.00072],[21.61559,73.00064],[21.61501,73.00035],[21.61425,73.00003],[21.61423,73.00002],[21.61409,72.99996],[21.6138,72.99984],[21.61319,72.99962],[21.61288,72.99953],[21.61267,72.99948],[21.61221,72.9994],[21.61128,72.9993],[21.60983,72.99913],[21.60846,72.99897],[21.6065,72.99873],[21.60456,72.99839],[21.6023,72.99801],[21.60047,72.9977],[21.59741,72.99718],[21.59714,72.99714],[21.59687,72.99709],[21.59603,72.99695],[21.59566,72.99689],[21.59483,72.99675],[21.59417,72.99663],[21.59365,72.99658],[21.59336,72.99656],[21.59293,72.99655],[21.5927,72.99654],[21.59241,72.99654],[21.59196,72.99651],[21.59156,72.99646],[21.59113,72.99636],[21.59064,72.99622],[21.59025,72.99609],[21.58994,72.99599],[21.58957,72.99589],[21.58911,72.99579],[21.58818,72.99563],[21.58669,72.99537],[21.58628,72.9953],[21.58574,72.99523],[21.58529,72.99522],[21.58491,72.99523],[21.58462,72.99527],[21.58426,72.99534],[21.58381,72.99548],[21.58322,72.99569],[21.58164,72.99628],[21.57982,72.99696],[21.57797,72.99765],[21.57758,72.99779],[21.57698,72.99801],[21.57616,72.99832],[21.57558,72.99853],[21.57348,72.99931],[21.57095,73.00023],[21.5709,73.00025],[21.57089,73.00025],[21.57075,73.0003],[21.56935,73.00083],[21.56917,73.0009],[21.56744,73.00153],[21.56733,73.00157],[21.5673,73.00158],[21.56556,73.00222],[21.56331,73.00303],[21.56224,73.00342],[21.56153,73.00368],[21.55982,73.00433],[21.5583,73.00489],[21.55789,73.00503],[21.55646,73.00556],[21.55465,73.00623],[21.5528,73.00691],[21.5523,73.0071],[21.5519,73.00724],[21.55146,73.00738],[21.5512,73.00744],[21.55106,73.00761],[21.55074,73.00768],[21.55034,73.00774],[21.5499,73.00776],[21.54933,73.00774],[21.54875,73.00768],[21.5473,73.0075],[21.54608,73.00736],[21.54504,73.00723],[21.54459,73.0071],[21.5444,73.00709],[21.54406,73.00709],[21.54333,73.0071],[21.54294,73.00709],[21.54255,73.00704],[21.54209,73.00695],[21.5416,73.00683],[21.5408,73.00661],[21.54037,73.00653],[21.53865,73.00633],[21.53598,73.006],[21.53349,73.0057],[21.53074,73.00538],[21.52654,73.00491],[21.52571,73.00481],[21.52433,73.00465],[21.52223,73.00441],[21.52218,73.0044],[21.51832,73.00396],[21.5168,73.00378],[21.51374,73.00342],[21.51337,73.00338],[21.51124,73.00312],[21.51046,73.00304],[21.50682,73.00258],[21.50566,73.00244],[21.50425,73.00227],[21.50184,73.00196],[21.50174,73.00194],[21.49913,73.00163],[21.49902,73.00162],[21.4988,73.0016],[21.49664,73.00132],[21.49468,73.00106],[21.49408,73.00098],[21.49177,73.0007],[21.48931,73.0004],[21.48763,73.00018],[21.48719,73.00013],[21.48632,73.00003],[21.48458,72.99982],[21.48337,72.99967],[21.48256,72.99957],[21.47993,72.99924],[21.47855,72.99907],[21.47848,72.99906],[21.47761,72.99893],[21.47747,72.99891],[21.47712,72.99886],[21.47424,72.99844],[21.47102,72.99799],[21.46961,72.99778],[21.46902,72.99766],[21.46853,72.99749],[21.46792,72.99722],[21.46752,72.99698],[21.46704,72.99664],[21.46687,72.9965],[21.4661,72.99586],[21.46589,72.9957],[21.46539,72.99528],[21.46526,72.99517],[21.46481,72.9948],[21.46376,72.99394],[21.46273,72.9931],[21.46146,72.99207],[21.4609,72.99159],[21.45705,72.98842],[21.45585,72.98742],[21.45433,72.98617],[21.4537,72.98566],[21.45165,72.98393],[21.45106,72.98344],[21.44876,72.98155],[21.44864,72.98146],[21.44787,72.98082],[21.44757,72.98057],[21.44551,72.97884],[21.44498,72.9784],[21.44455,72.97804],[21.4424,72.97624],[21.43972,72.97402],[21.43948,72.97382],[21.43687,72.97163],[21.4366,72.97141],[21.43391,72.96917],[21.43325,72.96868],[21.43275,72.96839],[21.43216,72.96812],[21.43189,72.96804],[21.43151,72.96794],[21.43105,72.96785],[21.43042,72.96774],[21.4291,72.96753],[21.4284,72.96742],[21.42752,72.9673],[21.42632,72.96713],[21.42592,72.96708],[21.42466,72.96689],[21.42429,72.96684],[21.42304,72.96668],[21.42233,72.96658],[21.42063,72.96636],[21.42037,72.96633],[21.41901,72.96613],[21.41778,72.96596],[21.41731,72.96589],[21.41725,72.96588],[21.41703,72.96585],[21.41511,72.96558],[21.41467,72.96552],[21.41409,72.96544],[21.41187,72.96512],[21.40888,72.96474],[21.40852,72.9647],[21.40777,72.96461],[21.40646,72.96445],[21.40471,72.96425],[21.40329,72.96408],[21.40286,72.96403],[21.40214,72.96393],[21.40208,72.96392],[21.40146,72.9638],[21.40069,72.96358],[21.39996,72.96333],[21.39957,72.9632],[21.39807,72.9627],[21.39628,72.96211],[21.39587,72.96198],[21.39541,72.96184],[21.39361,72.96129],[21.39321,72.96117],[21.39273,72.96102],[21.39142,72.96063],[21.39047,72.96029],[21.38986,72.96007],[21.3876,72.95933],[21.38527,72.95854],[21.38381,72.95806],[21.38334,72.95793],[21.3829,72.95783],[21.38252,72.95775],[21.38206,72.9577],[21.38145,72.95766],[21.38109,72.95765],[21.37935,72.95769],[21.37681,72.95777],[21.37586,72.9578],[21.37556,72.95781],[21.37473,72.95782],[21.37447,72.95785],[21.37422,72.95788],[21.3737,72.95794],[21.37247,72.95819],[21.3706,72.95855],[21.3689,72.95888],[21.36848,72.95894],[21.3667,72.9592],[21.36497,72.95944],[21.36315,72.9597],[21.3616,72.95993],[21.36115,72.95998],[21.36052,72.96002],[21.35827,72.95996],[21.35508,72.95989],[21.35392,72.95986],[21.35333,72.95984],[21.35117,72.95951],[21.34923,72.95924],[21.34663,72.95888],[21.34512,72.95867],[21.34473,72.95868],[21.34431,72.95872],[21.34397,72.95879],[21.34268,72.95915],[21.34216,72.95931],[21.34188,72.9594],[21.34094,72.95967],[21.34074,72.95973],[21.34054,72.95978],[21.33788,72.96051],[21.3355,72.96121],[21.3342,72.96158],[21.33135,72.9624],[21.33091,72.96252],[21.32748,72.96351],[21.32716,72.96361],[21.32676,72.96367],[21.32512,72.96373],[21.32469,72.96374],[21.32461,72.96375],[21.32282,72.9638],[21.32103,72.96386],[21.32066,72.96387],[21.31995,72.9639],[21.31957,72.96393],[21.31866,72.96393],[21.31858,72.96393],[21.3182,72.96393],[21.31768,72.96385],[21.31738,72.96378],[21.31707,72.96369],[21.31673,72.96356],[21.31643,72.96339],[21.31617,72.96324],[21.3159,72.96307],[21.31557,72.96281],[21.31533,72.96261],[21.31516,72.96244],[21.31503,72.96231],[21.31366,72.96048],[21.31271,72.95929],[21.31203,72.95858],[21.31168,72.95823],[21.31112,72.9576],[21.31071,72.95707],[21.31041,72.95671],[21.31013,72.95642],[21.30989,72.95619],[21.30969,72.95602],[21.30965,72.95599],[21.30945,72.95582],[21.30919,72.95567],[21.30895,72.95554],[21.30854,72.95535],[21.30846,72.95533],[21.30837,72.95531],[21.30826,72.95527],[21.30789,72.95516],[21.30728,72.95504],[21.306,72.9548],[21.30531,72.95467],[21.3036,72.95436],[21.30305,72.95425],[21.30199,72.95403],[21.30123,72.95384],[21.30118,72.95383],[21.29914,72.95344],[21.29791,72.95317],[21.29574,72.95269],[21.29373,72.95225],[21.29352,72.95221],[21.29218,72.95192],[21.29115,72.95173],[21.29064,72.95167],[21.28967,72.95161],[21.28894,72.9516],[21.28827,72.95159],[21.2869,72.95154],[21.28587,72.95147],[21.28433,72.95148],[21.28313,72.95141],[21.28149,72.95125],[21.28096,72.95122],[21.28061,72.9512],[21.2804,72.95121],[21.28014,72.95123],[21.27985,72.95128],[21.2796,72.95137],[21.27913,72.95154],[21.27861,72.9518],[21.27804,72.95212],[21.27706,72.95277],[21.27664,72.95321],[21.27606,72.95369],[21.27569,72.95398],[21.27543,72.95418],[21.27521,72.95436],[21.27421,72.95514],[21.27348,72.95577],[21.27274,72.95633],[21.27235,72.95663],[21.27221,72.95671],[21.27205,72.95681],[21.27171,72.95698],[21.27122,72.95718],[21.27074,72.9574],[21.2701,72.95767],[21.26997,72.95773],[21.26969,72.95785],[21.26961,72.95788],[21.26956,72.9579],[21.26934,72.95763],[21.26916,72.95738],[21.26902,72.95719],[21.2688,72.95689],[21.26873,72.95679],[21.26825,72.95613],[21.26729,72.95483],[21.26724,72.95476],[21.26505,72.95179],[21.26455,72.95107],[21.26351,72.94962],[21.26153,72.94692],[21.25992,72.94476],[21.25978,72.94456],[21.2597,72.94444],[21.25781,72.94174],[21.25737,72.94103],[21.25701,72.94036],[21.25683,72.94004],[21.25532,72.9367],[21.25442,72.93469],[21.25386,72.93345],[21.25261,72.93069],[21.25208,72.92944],[21.25172,72.92861],[21.25161,72.92835],[21.25146,72.92801],[21.25094,72.92685],[21.25042,72.92578],[21.25008,72.92501],[21.24972,72.92434],[21.24932,72.92377],[21.24928,72.92371],[21.24925,72.92367],[21.24728,72.9213],[21.24699,72.92097],[21.2469,72.92087],[21.24644,72.92032],[21.24468,72.91836],[21.24374,72.91734],[21.2429,72.91639],[21.24284,72.91633],[21.24227,72.91568],[21.24095,72.91419],[21.24077,72.91399],[21.23924,72.91229],[21.23892,72.91193],[21.23837,72.91132],[21.23642,72.90914],[21.2364,72.90912],[21.23636,72.90907],[21.23628,72.90899],[21.23544,72.90802],[21.23435,72.90678],[21.23367,72.90602],[21.23335,72.90562],[21.23291,72.90508],[21.23258,72.90467],[21.23257,72.90465],[21.23166,72.9034],[21.23158,72.90329],[21.23101,72.90256],[21.23068,72.9021],[21.23037,72.90157],[21.23016,72.90106],[21.22994,72.90042],[21.22954,72.8992],[21.22839,72.89608],[21.22786,72.89465],[21.22737,72.8934],[21.22706,72.89268],[21.22696,72.89243],[21.22688,72.89221],[21.22684,72.89202],[21.22667,72.89146],[21.22662,72.8913],[21.22626,72.89008],[21.22604,72.88938],[21.2257,72.88878],[21.22538,72.88815],[21.22473,72.8868],[21.22458,72.88652],[21.22441,72.88619],[21.22421,72.8858],[21.22418,72.8857],[21.22373,72.88454],[21.22367,72.88438],[21.22275,72.88247],[21.22208,72.88116],[21.22201,72.88103],[21.22197,72.88094],[21.22174,72.88042],[21.2217,72.88025],[21.22171,72.87974],[21.2217,72.87964],[21.22169,72.87914],[21.2217,72.87881],[21.22171,72.87876],[21.22174,72.87782],[21.22171,72.87761],[21.22168,72.87742],[21.22156,72.87708],[21.22132,72.87642],[21.22082,72.87511],[21.22038,72.87404],[21.21996,72.87319],[21.21966,72.87256],[21.21958,72.87239],[21.21939,72.87199],[21.21934,72.87189],[21.21931,72.87181],[21.21905,72.87124],[21.21889,72.87082],[21.21873,72.87039],[21.2187,72.87031],[21.21841,72.86954],[21.21839,72.86927],[21.2183,72.86901],[21.21706,72.86598],[21.21607,72.86356],[21.21596,72.86331],[21.21585,72.86313],[21.21573,72.86297],[21.2156,72.86282],[21.21501,72.86232],[21.21482,72.86214],[21.21464,72.86192],[21.2145,72.86166],[21.21367,72.85996],[21.21332,72.85915],[21.21249,72.85724],[21.21173,72.8557],[21.21156,72.85526],[21.21127,72.85436],[21.21086,72.85307],[21.21041,72.85171],[21.20985,72.85021],[21.20903,72.84797],[21.20818,72.84536],[21.20809,72.84511],[21.2079,72.84471],[21.20786,72.84462],[21.20761,72.84397],[21.2076,72.84394],[21.20714,72.84245],[21.20713,72.84239],[21.20706,72.84193],[21.20694,72.84099],[21.20679,72.84024],[21.20673,72.8401],[21.20668,72.84004],[21.2066,72.84],[21.20648,72.83994],[21.20644,72.83993],[21.20626,72.83987],[21.20614,72.83984],[21.20591,72.83984],[21.20579,72.83986],[21.20534,72.84],[21.20528,72.84003],[21.20522,72.84008],[21.20518,72.84015],[21.20512,72.84021],[21.20505,72.84024],[21.20497,72.84025],[21.20489,72.84024],[21.20482,72.8402],[21.20469,72.84021],[21.20443,72.8402],[21.20417,72.84016],[21.20409,72.84014],[21.20401,72.84012],[21.20393,72.84008],[21.20377,72.84001],[21.2036,72.8399],[21.20325,72.83961],[21.20322,72.83956],[21.20314,72.83941],[21.20297,72.83911],[21.20283,72.83886],[21.20281,72.83882],[21.2027,72.8388],[21.20238,72.83868],[21.202,72.83857],[21.20192,72.83853],[21.20166,72.83839],[21.20059,72.83785],[21.20039,72.83774],[21.20002,72.83754],[21.1997,72.83737],[21.19909,72.83704],[21.19901,72.83697],[21.19896,72.83691],[21.19893,72.83687],[21.19889,72.83675],[21.19882,72.83642],[21.19878,72.83618],[21.19875,72.83606],[21.19866,72.83577],[21.19857,72.83544],[21.19847,72.83514],[21.19838,72.83479],[21.1983,72.83452],[21.19828,72.83442],[21.19815,72.83395],[21.1979,72.83307],[21.1978,72.83267],[21.19775,72.83243],[21.19766,72.83194],[21.19766,72.83175],[21.19768,72.83147],[21.19772,72.83112],[21.1978,72.8308],[21.19797,72.82999],[21.198,72.82986],[21.19797,72.82985],[21.19796,72.82982],[21.19708,72.8298],[21.19652,72.82984],[21.19596,72.8299],[21.19597,72.83009],[21.19597,72.83019]],"isRouteFallback":false},{"markerType":"COMBINED","vehicleId":4,"driverId":1,"vehicleName":"BHARAT-01","vehicleModel":"BharatBenz 1617R","licensePlate":"GJ-06-GH-3456","vehicleType":"TRUCK","vehicleStatus":"ON_TRIP","driverName":"Vikram Singh","licenseCategory":"TRUCK","dutyStatus":"ON_DUTY","safetyScore":95,"licenseNumber":"GJ01-2021-001234","latitude":23.03750149916382,"longitude":72.58032046375219,"speed":67.46521578046395,"heading":171.1333801427438,"lastUpdated":"2026-02-21T13:46:27.159726","tripOrigin":"Sanand Industrial Area","tripDestination":"Rajkot GIDC","originLat":22.985,"originLng":72.3725,"destLat":22.3039,"destLng":70.8022,"totalDistanceKm":202.6,"remainingDistanceKm":201.2,"progressPercent":0.7,"estimatedMinutesRemaining":179,"routePolyline":[[22.985,72.37254],[22.98504,72.37254],[22.98629,72.37237],[22.98625,72.37182],[22.98632,72.37182],[22.9868,72.37163],[22.98734,72.37287],[22.98756,72.37337],[22.98761,72.37349],[22.98828,72.37503],[22.9887,72.37612],[22.98932,72.37771],[22.98941,72.37795],[22.98944,72.37801],[22.99011,72.37963],[22.99013,72.37969],[22.99019,72.37975],[22.98976,72.38026],[22.98939,72.3807],[22.98918,72.38094],[22.98905,72.38117],[22.98897,72.38116],[22.98884,72.38116],[22.98793,72.38113],[22.98758,72.38113],[22.98711,72.38111],[22.98656,72.3811],[22.98641,72.3811],[22.98601,72.38107],[22.98588,72.38105],[22.98565,72.38104],[22.98537,72.38095],[22.98508,72.38087],[22.98485,72.3808],[22.98461,72.38074],[22.98447,72.3807],[22.98376,72.38052],[22.98337,72.38043],[22.98265,72.38025],[22.98257,72.38024],[22.98234,72.38017],[22.98121,72.37988],[22.97875,72.37925],[22.97867,72.37923],[22.97754,72.37897],[22.97737,72.37895],[22.97716,72.37893],[22.97676,72.37897],[22.97642,72.379],[22.97603,72.37907],[22.97581,72.37908],[22.97564,72.37907],[22.97548,72.37905],[22.97537,72.37902],[22.97521,72.37898],[22.97489,72.37885],[22.97467,72.3788],[22.97454,72.37877],[22.97391,72.37876],[22.97378,72.37875],[22.97339,72.3787],[22.97329,72.37869],[22.97319,72.37869],[22.97276,72.37875],[22.97249,72.37884],[22.97127,72.3791],[22.97102,72.37915],[22.97078,72.37921],[22.97056,72.37928],[22.96982,72.37953],[22.96902,72.37981],[22.96742,72.38036],[22.96611,72.3808],[22.96468,72.38128],[22.96437,72.38138],[22.96425,72.38138],[22.96393,72.38143],[22.96376,72.38143],[22.9635,72.38139],[22.96323,72.38132],[22.963,72.38124],[22.96291,72.38119],[22.96165,72.38048],[22.96141,72.38035],[22.96039,72.37977],[22.9594,72.37919],[22.95934,72.3792],[22.95839,72.37865],[22.95726,72.378],[22.95699,72.37787],[22.9567,72.37777],[22.95614,72.3776],[22.95593,72.37755],[22.95568,72.37753],[22.95441,72.37749],[22.95415,72.37749],[22.95086,72.37743],[22.95005,72.37741],[22.9499,72.37741],[22.94972,72.37742],[22.9483,72.37738],[22.94736,72.37736],[22.9472,72.37736],[22.94605,72.37732],[22.94477,72.37725],[22.94392,72.37719],[22.94287,72.37708],[22.94236,72.37701],[22.9416,72.37694],[22.9412,72.3769],[22.94036,72.37683],[22.93692,72.37659],[22.93678,72.37659],[22.93337,72.37632],[22.92808,72.37588],[22.92731,72.37582],[22.92631,72.37572],[22.92599,72.37566],[22.92571,72.37555],[22.92541,72.3754],[22.92486,72.37509],[22.92361,72.37437],[22.9233,72.37419],[22.92141,72.37311],[22.92107,72.37293],[22.92007,72.37233],[22.91821,72.37128],[22.91717,72.37069],[22.91595,72.37002],[22.91461,72.36928],[22.91452,72.36923],[22.91405,72.36896],[22.91072,72.36709],[22.90663,72.36481],[22.90475,72.36379],[22.90149,72.36203],[22.90121,72.36188],[22.90067,72.36156],[22.8999,72.36111],[22.89762,72.35976],[22.89736,72.35963],[22.89706,72.35952],[22.89685,72.35948],[22.89644,72.35948],[22.89553,72.35947],[22.89458,72.35944],[22.88957,72.35942],[22.8886,72.35946],[22.88717,72.35955],[22.88549,72.35966],[22.88363,72.35971],[22.88023,72.35978],[22.87722,72.35985],[22.87392,72.35989],[22.87229,72.35988],[22.87165,72.35994],[22.87122,72.36002],[22.87023,72.36036],[22.86914,72.36075],[22.86752,72.36133],[22.86471,72.36226],[22.86195,72.36323],[22.85942,72.3641],[22.85715,72.36483],[22.85641,72.36507],[22.85592,72.36522],[22.85433,72.36573],[22.85362,72.36596],[22.85178,72.36657],[22.85138,72.36662],[22.85084,72.36658],[22.85051,72.36655],[22.84927,72.36643],[22.84883,72.36639],[22.84671,72.36623],[22.84652,72.36621],[22.84643,72.36621],[22.84627,72.36624],[22.84619,72.36625],[22.84586,72.36625],[22.84549,72.36622],[22.84492,72.36619],[22.84362,72.3661],[22.84258,72.36604],[22.84135,72.36595],[22.84098,72.36592],[22.84055,72.3659],[22.84013,72.36592],[22.83972,72.36595],[22.83955,72.36598],[22.83901,72.36606],[22.83895,72.36607],[22.83867,72.36613],[22.83857,72.36615],[22.83853,72.36609],[22.83838,72.36586],[22.83796,72.3652],[22.83657,72.36308],[22.83637,72.36275],[22.83566,72.36165],[22.83546,72.36134],[22.83523,72.36099],[22.83503,72.36072],[22.8348,72.36044],[22.83458,72.36018],[22.83432,72.35994],[22.83413,72.35976],[22.83379,72.35948],[22.83338,72.35918],[22.83308,72.35896],[22.83248,72.35852],[22.83133,72.3577],[22.8306,72.35715],[22.83022,72.35688],[22.83013,72.35683],[22.82996,72.35671],[22.82965,72.35654],[22.82925,72.35635],[22.82894,72.35621],[22.82864,72.35612],[22.82829,72.35601],[22.82797,72.35593],[22.82712,72.35575],[22.82664,72.35566],[22.82613,72.35555],[22.82562,72.35544],[22.82526,72.35536],[22.82466,72.35523],[22.82405,72.3551],[22.82375,72.35503],[22.82354,72.35495],[22.82283,72.35469],[22.82268,72.35461],[22.82236,72.35445],[22.82181,72.35408],[22.82104,72.35356],[22.82016,72.35296],[22.81974,72.35267],[22.81893,72.35211],[22.81814,72.35157],[22.81735,72.35104],[22.8164,72.35043],[22.81555,72.34987],[22.8149,72.34946],[22.81382,72.34874],[22.81305,72.34822],[22.81198,72.34751],[22.81137,72.34712],[22.80983,72.34608],[22.80926,72.34569],[22.80857,72.34524],[22.80777,72.34471],[22.80728,72.34438],[22.80692,72.34414],[22.80661,72.34395],[22.80597,72.34361],[22.80573,72.34348],[22.80552,72.34337],[22.80496,72.34314],[22.80461,72.34298],[22.80394,72.34272],[22.80365,72.34261],[22.80322,72.34243],[22.80254,72.34218],[22.80178,72.34188],[22.8011,72.3416],[22.80059,72.3414],[22.79992,72.34116],[22.79951,72.341],[22.79903,72.3408],[22.7986,72.34064],[22.79812,72.34044],[22.7975,72.34015],[22.7966,72.33971],[22.7962,72.33947],[22.79593,72.33928],[22.795,72.33858],[22.79445,72.33813],[22.79366,72.33742],[22.79296,72.33675],[22.79247,72.33631],[22.79208,72.33594],[22.79161,72.3355],[22.79052,72.33448],[22.79032,72.33429],[22.79002,72.33399],[22.78972,72.3337],[22.78953,72.33352],[22.7883,72.33229],[22.7873,72.33128],[22.7867,72.33067],[22.78607,72.33004],[22.78523,72.32927],[22.78485,72.32896],[22.78482,72.32894],[22.78432,72.32854],[22.78411,72.3284],[22.78397,72.3283],[22.78373,72.32814],[22.7836,72.32806],[22.78309,72.32775],[22.78289,72.32763],[22.78225,72.32728],[22.78198,72.32714],[22.7807,72.32647],[22.78036,72.32629],[22.78035,72.32629],[22.77954,72.32585],[22.77836,72.32524],[22.77783,72.32497],[22.77778,72.32494],[22.77701,72.32454],[22.77591,72.32395],[22.77576,72.32386],[22.77548,72.32372],[22.77494,72.32344],[22.77401,72.32294],[22.77378,72.32282],[22.77307,72.32244],[22.77236,72.32207],[22.77231,72.32204],[22.77178,72.32177],[22.77054,72.32111],[22.76946,72.32054],[22.76821,72.31988],[22.76698,72.31925],[22.76637,72.31893],[22.76636,72.31892],[22.76541,72.31843],[22.76389,72.31763],[22.76377,72.31757],[22.76327,72.31732],[22.76287,72.31711],[22.76167,72.3165],[22.7607,72.316],[22.76032,72.31579],[22.76007,72.31561],[22.75992,72.31551],[22.75968,72.31533],[22.75948,72.31517],[22.75904,72.3148],[22.7588,72.31457],[22.7586,72.31436],[22.75838,72.3141],[22.75804,72.31367],[22.7578,72.31336],[22.7576,72.31306],[22.75709,72.31232],[22.75655,72.31154],[22.75616,72.31098],[22.75598,72.31073],[22.75587,72.31058],[22.75566,72.31027],[22.75507,72.30944],[22.75396,72.30789],[22.75279,72.30626],[22.75252,72.30589],[22.75227,72.30558],[22.75184,72.30502],[22.75119,72.30422],[22.75048,72.30333],[22.74927,72.3018],[22.74772,72.29985],[22.7466,72.29845],[22.74574,72.29735],[22.74469,72.29605],[22.74404,72.29522],[22.74326,72.29425],[22.74254,72.29334],[22.74161,72.29216],[22.74006,72.29022],[22.73798,72.28761],[22.7374,72.28689],[22.73673,72.28605],[22.73627,72.28547],[22.7354,72.28438],[22.73359,72.28211],[22.73271,72.28101],[22.73048,72.27821],[22.72935,72.2768],[22.72809,72.27523],[22.72441,72.27061],[22.72433,72.27051],[22.71971,72.26475],[22.71608,72.26026],[22.71515,72.25913],[22.71413,72.25787],[22.71356,72.25718],[22.71131,72.25438],[22.70975,72.25268],[22.70804,72.2509],[22.70779,72.25063],[22.70579,72.2485],[22.70233,72.24515],[22.6989,72.24191],[22.69753,72.24061],[22.6957,72.23887],[22.69537,72.23855],[22.69502,72.23825],[22.69497,72.23821],[22.69473,72.23803],[22.69472,72.23802],[22.69446,72.23784],[22.69173,72.23597],[22.69151,72.23584],[22.69134,72.23575],[22.69097,72.23556],[22.6906,72.23539],[22.69028,72.23526],[22.69023,72.23525],[22.68986,72.23512],[22.68978,72.2351],[22.68936,72.23498],[22.68898,72.2349],[22.68852,72.23482],[22.688,72.23478],[22.6874,72.23476],[22.68674,72.2348],[22.68452,72.23496],[22.68184,72.23512],[22.68032,72.23516],[22.679,72.23517],[22.67868,72.23518],[22.67834,72.23515],[22.67807,72.2351],[22.67782,72.23504],[22.67741,72.23492],[22.67702,72.23477],[22.67668,72.23461],[22.67464,72.23349],[22.67308,72.23261],[22.67196,72.23197],[22.67105,72.23145],[22.66879,72.23023],[22.66849,72.23006],[22.66842,72.23002],[22.66801,72.2298],[22.66788,72.22973],[22.66752,72.22952],[22.66731,72.2294],[22.66619,72.22871],[22.66584,72.22846],[22.66497,72.22776],[22.66487,72.22768],[22.66446,72.2273],[22.66381,72.22664],[22.66333,72.22615],[22.66299,72.22573],[22.66113,72.2233],[22.66047,72.22243],[22.65936,72.22088],[22.65861,72.21981],[22.65762,72.21828],[22.65727,72.21779],[22.65695,72.21737],[22.65667,72.21701],[22.65628,72.21655],[22.65585,72.21607],[22.65509,72.21528],[22.65415,72.21434],[22.65169,72.21189],[22.65138,72.21158],[22.65095,72.21117],[22.65061,72.21084],[22.65017,72.21046],[22.64965,72.21004],[22.6494,72.20984],[22.64912,72.20961],[22.64829,72.20894],[22.64655,72.20752],[22.64558,72.20674],[22.64538,72.20658],[22.64516,72.20639],[22.64498,72.20625],[22.64482,72.20611],[22.64415,72.20561],[22.6436,72.20512],[22.64347,72.20498],[22.64336,72.20484],[22.64321,72.20461],[22.6431,72.20436],[22.64296,72.2041],[22.64254,72.20321],[22.642,72.20209],[22.64183,72.20169],[22.64171,72.20142],[22.64157,72.20105],[22.64142,72.20065],[22.64136,72.20041],[22.64132,72.20027],[22.6412,72.19983],[22.64107,72.19933],[22.6406,72.19759],[22.64047,72.19717],[22.64033,72.1967],[22.64013,72.19624],[22.63999,72.19596],[22.63994,72.19586],[22.63958,72.19516],[22.63954,72.19508],[22.63922,72.19443],[22.63918,72.19435],[22.63899,72.19396],[22.6388,72.1936],[22.63785,72.1918],[22.6373,72.19074],[22.63727,72.19068],[22.63662,72.18936],[22.6366,72.18932],[22.63634,72.18881],[22.63592,72.18798],[22.63553,72.18723],[22.63499,72.18634],[22.63408,72.18487],[22.63322,72.18345],[22.63226,72.18188],[22.63176,72.18107],[22.63175,72.18105],[22.63123,72.18025],[22.63069,72.17935],[22.63012,72.17838],[22.62904,72.17654],[22.62816,72.17504],[22.62723,72.17347],[22.62504,72.16976],[22.62424,72.16841],[22.62349,72.16715],[22.6229,72.16614],[22.62209,72.16476],[22.62172,72.16414],[22.62132,72.16348],[22.62115,72.16311],[22.6201,72.16064],[22.61891,72.1579],[22.61418,72.1469],[22.61379,72.146],[22.61302,72.14421],[22.6121,72.1421],[22.61196,72.14165],[22.60964,72.13307],[22.60823,72.12786],[22.60682,72.12255],[22.60635,72.12064],[22.60602,72.11934],[22.60567,72.11797],[22.60565,72.11789],[22.60529,72.11653],[22.60324,72.10832],[22.60306,72.10759],[22.60282,72.10663],[22.60261,72.10568],[22.60244,72.10509],[22.60184,72.10327],[22.60153,72.10236],[22.60137,72.10182],[22.6011,72.10102],[22.60022,72.09839],[22.59989,72.0974],[22.59895,72.09451],[22.59539,72.08367],[22.59428,72.08031],[22.59335,72.07749],[22.59261,72.07524],[22.58984,72.06679],[22.58977,72.06658],[22.58963,72.06617],[22.58956,72.06592],[22.58933,72.06528],[22.58869,72.06379],[22.58754,72.06118],[22.58641,72.05863],[22.58527,72.05607],[22.58425,72.05373],[22.58205,72.04872],[22.58002,72.04414],[22.57935,72.0426],[22.57908,72.04195],[22.57897,72.04145],[22.57884,72.04076],[22.57836,72.03789],[22.57784,72.03467],[22.57729,72.03124],[22.57642,72.026],[22.57613,72.02416],[22.57541,72.01981],[22.57502,72.01745],[22.5744,72.01366],[22.57379,72.00985],[22.57339,72.0074],[22.57244,72.00165],[22.57207,71.99942],[22.57166,71.99704],[22.57118,71.99407],[22.57101,71.99304],[22.57092,71.99233],[22.5709,71.99196],[22.57091,71.99176],[22.57093,71.99144],[22.57125,71.98823],[22.57184,71.98215],[22.57212,71.97917],[22.57242,71.97611],[22.57278,71.9724],[22.57309,71.96902],[22.57332,71.96656],[22.57354,71.96436],[22.57383,71.96108],[22.57407,71.95861],[22.57431,71.95615],[22.57439,71.95376],[22.57445,71.95089],[22.57452,71.94826],[22.57457,71.94647],[22.57457,71.94639],[22.57458,71.9461],[22.57465,71.94405],[22.57472,71.94166],[22.57473,71.94122],[22.57473,71.94093],[22.57479,71.93802],[22.57479,71.93695],[22.57479,71.93663],[22.5748,71.93552],[22.57486,71.93328],[22.57491,71.93103],[22.57497,71.92749],[22.57502,71.92442],[22.57504,71.92196],[22.57506,71.91889],[22.57509,71.91508],[22.57513,71.91013],[22.57514,71.90544],[22.57515,71.90438],[22.57516,71.90013],[22.57515,71.898],[22.57515,71.8932],[22.57516,71.88761],[22.57514,71.88223],[22.57516,71.87713],[22.57516,71.87691],[22.57516,71.87253],[22.57515,71.86886],[22.57514,71.86581],[22.57511,71.85988],[22.57505,71.85317],[22.57505,71.84928],[22.57503,71.84532],[22.57502,71.84383],[22.575,71.84225],[22.57496,71.84011],[22.57497,71.83845],[22.57496,71.83603],[22.57491,71.833],[22.57489,71.83044],[22.57487,71.82746],[22.57485,71.82403],[22.57483,71.8213],[22.57483,71.82019],[22.57481,71.81848],[22.5748,71.81695],[22.57476,71.81607],[22.57476,71.81601],[22.57472,71.81549],[22.57466,71.81382],[22.57466,71.81372],[22.57464,71.81329],[22.5746,71.81166],[22.5746,71.80962],[22.57465,71.80848],[22.57467,71.80779],[22.57467,71.80714],[22.57462,71.80545],[22.57462,71.80301],[22.57456,71.80231],[22.57456,71.80228],[22.57434,71.80114],[22.57335,71.79707],[22.57316,71.79632],[22.57241,71.79335],[22.5723,71.79293],[22.57132,71.78894],[22.57049,71.78555],[22.56981,71.78269],[22.56964,71.78212],[22.56958,71.78186],[22.56893,71.77936],[22.56842,71.77728],[22.56824,71.77654],[22.56792,71.77529],[22.56768,71.77416],[22.56755,71.77367],[22.56744,71.77311],[22.56741,71.77231],[22.56746,71.77064],[22.56758,71.76744],[22.56761,71.76672],[22.56768,71.7646],[22.56772,71.76341],[22.56773,71.76319],[22.56774,71.76294],[22.56783,71.76047],[22.56786,71.7593],[22.56783,71.75889],[22.56773,71.75819],[22.56689,71.75427],[22.56658,71.75279],[22.56648,71.75244],[22.56635,71.75206],[22.56596,71.75118],[22.56584,71.75092],[22.56574,71.75073],[22.56481,71.74881],[22.56402,71.74718],[22.56326,71.74551],[22.56316,71.74526],[22.56311,71.74501],[22.56308,71.74471],[22.56304,71.74439],[22.56304,71.74431],[22.56304,71.74407],[22.5632,71.74126],[22.56329,71.74008],[22.56332,71.73971],[22.56352,71.73715],[22.56364,71.73536],[22.56368,71.73482],[22.56369,71.7346],[22.56379,71.73295],[22.56393,71.73062],[22.56396,71.73013],[22.56399,71.72967],[22.56402,71.72925],[22.5642,71.72586],[22.56424,71.7251],[22.56445,71.72169],[22.56453,71.72024],[22.56457,71.71955],[22.56463,71.71795],[22.56464,71.71785],[22.56468,71.71751],[22.56469,71.71742],[22.56473,71.71678],[22.56487,71.71449],[22.56509,71.71055],[22.56521,71.70764],[22.56527,71.7067],[22.56545,71.70406],[22.56546,71.70365],[22.56566,71.69996],[22.5658,71.69814],[22.56581,71.69798],[22.56582,71.6979],[22.56582,71.69778],[22.5659,71.69677],[22.56601,71.69576],[22.56604,71.69521],[22.56603,71.69502],[22.56603,71.69437],[22.56589,71.69165],[22.56589,71.69143],[22.56588,71.69125],[22.5657,71.68743],[22.56557,71.68476],[22.56552,71.68374],[22.56541,71.68137],[22.56525,71.67757],[22.56514,71.67516],[22.56509,71.67419],[22.56493,71.6706],[22.56492,71.67034],[22.56481,71.66775],[22.56473,71.66616],[22.56451,71.66196],[22.56436,71.6585],[22.56427,71.65672],[22.56426,71.65648],[22.56425,71.65636],[22.56423,71.65577],[22.56419,71.65503],[22.56413,71.65382],[22.56407,71.65329],[22.56385,71.65213],[22.56353,71.65072],[22.56336,71.65002],[22.56311,71.64894],[22.56299,71.64841],[22.56263,71.64685],[22.56253,71.64641],[22.56243,71.64597],[22.56234,71.64559],[22.56191,71.64372],[22.56191,71.64366],[22.56186,71.64344],[22.56185,71.64341],[22.56184,71.64333],[22.56142,71.64167],[22.56139,71.64153],[22.56086,71.63946],[22.56034,71.6372],[22.55977,71.63472],[22.55887,71.63068],[22.55867,71.62976],[22.55852,71.62911],[22.55823,71.62784],[22.55763,71.62521],[22.55753,71.62473],[22.5573,71.62368],[22.557,71.62227],[22.55666,71.62079],[22.55652,71.62018],[22.55628,71.61912],[22.55619,71.61872],[22.55583,71.61712],[22.55562,71.61618],[22.55493,71.61306],[22.55418,71.60988],[22.55356,71.60713],[22.55275,71.60358],[22.55214,71.60096],[22.55168,71.59889],[22.55129,71.59714],[22.55091,71.59544],[22.55067,71.59441],[22.55039,71.5936],[22.55036,71.59353],[22.54961,71.5912],[22.54923,71.59003],[22.54897,71.58922],[22.54873,71.58844],[22.54865,71.58818],[22.54812,71.58653],[22.54714,71.58357],[22.54678,71.58248],[22.54663,71.58202],[22.54649,71.58162],[22.5457,71.57936],[22.54532,71.57827],[22.5452,71.57784],[22.54513,71.57745],[22.54511,71.57716],[22.54511,71.57668],[22.54512,71.57634],[22.54514,71.5757],[22.54529,71.57292],[22.54535,71.57172],[22.54536,71.57157],[22.54537,71.57118],[22.54546,71.56951],[22.54548,71.56893],[22.54541,71.56817],[22.54536,71.56786],[22.54524,71.5671],[22.54488,71.5649],[22.54472,71.56392],[22.54409,71.56032],[22.54381,71.55866],[22.54353,71.55698],[22.54288,71.553],[22.54238,71.55023],[22.54228,71.54966],[22.54227,71.5496],[22.54208,71.54859],[22.542,71.54814],[22.54181,71.54715],[22.54147,71.54524],[22.54128,71.54414],[22.54109,71.54297],[22.54098,71.54235],[22.54095,71.54217],[22.54076,71.54107],[22.54046,71.53922],[22.54042,71.53868],[22.54042,71.53833],[22.54045,71.53801],[22.54053,71.53725],[22.54087,71.53491],[22.54104,71.53354],[22.54143,71.5303],[22.54166,71.52849],[22.5419,71.5266],[22.54221,71.52405],[22.54241,71.52236],[22.54253,71.52137],[22.54291,71.51829],[22.54297,71.51783],[22.54301,71.51732],[22.54304,71.51704],[22.54333,71.51488],[22.54338,71.51449],[22.54364,71.51234],[22.54378,71.51127],[22.54378,71.51114],[22.54377,71.51066],[22.54365,71.50991],[22.54298,71.50749],[22.5429,71.50724],[22.54263,71.50633],[22.54239,71.50556],[22.54099,71.50076],[22.54053,71.49913],[22.53934,71.49501],[22.5389,71.4935],[22.53879,71.49312],[22.53851,71.49212],[22.53839,71.49156],[22.53835,71.49101],[22.53831,71.48906],[22.53826,71.48478],[22.53821,71.48256],[22.53821,71.48233],[22.53816,71.48018],[22.53816,71.4773],[22.53816,71.4769],[22.53818,71.47651],[22.53815,71.47522],[22.53813,71.47357],[22.53808,71.46934],[22.53801,71.46641],[22.53803,71.46549],[22.53811,71.46445],[22.53849,71.45998],[22.53859,71.45874],[22.53888,71.4554],[22.53895,71.4542],[22.53906,71.45274],[22.53919,71.45193],[22.53933,71.45105],[22.53941,71.45024],[22.54024,71.44006],[22.54046,71.43721],[22.5407,71.43429],[22.54076,71.43367],[22.54079,71.43326],[22.54082,71.43257],[22.54079,71.43223],[22.54071,71.43182],[22.54055,71.43132],[22.54037,71.43091],[22.53896,71.42784],[22.53771,71.42513],[22.53631,71.42209],[22.53554,71.42043],[22.53508,71.41944],[22.53365,71.41627],[22.53251,71.41384],[22.53134,71.41132],[22.53003,71.40846],[22.52942,71.40713],[22.52882,71.40583],[22.52755,71.40307],[22.52747,71.4029],[22.52714,71.4022],[22.52661,71.40105],[22.52612,71.4],[22.52578,71.39921],[22.52569,71.39887],[22.5256,71.3985],[22.52553,71.398],[22.52523,71.39591],[22.5246,71.39118],[22.52435,71.38925],[22.52416,71.38778],[22.52412,71.38687],[22.52445,71.38256],[22.52448,71.38219],[22.52472,71.37887],[22.52478,71.37775],[22.52474,71.37677],[22.52473,71.37668],[22.52468,71.376],[22.52465,71.3758],[22.52461,71.37556],[22.52452,71.37495],[22.52432,71.37416],[22.52349,71.3719],[22.52315,71.37096],[22.52285,71.37006],[22.52266,71.36939],[22.52255,71.3688],[22.52249,71.36845],[22.52238,71.36786],[22.52199,71.36575],[22.52195,71.36552],[22.52193,71.36544],[22.52169,71.36458],[22.52097,71.36249],[22.51866,71.35552],[22.51843,71.35502],[22.51832,71.35478],[22.51802,71.35433],[22.51743,71.35363],[22.51736,71.35355],[22.51554,71.35146],[22.51388,71.34955],[22.51322,71.34878],[22.51268,71.34805],[22.50416,71.33616],[22.50356,71.33516],[22.50215,71.33261],[22.50209,71.3325],[22.50161,71.33157],[22.5013,71.33084],[22.50074,71.32915],[22.49935,71.32475],[22.49722,71.31805],[22.49705,71.31752],[22.49624,71.31504],[22.49537,71.31234],[22.49508,71.31157],[22.49478,71.31091],[22.49439,71.31011],[22.49399,71.30948],[22.49349,71.30884],[22.49256,71.30761],[22.4921,71.30689],[22.49202,71.30677],[22.4914,71.3058],[22.48851,71.30135],[22.48764,71.30001],[22.48738,71.2996],[22.48712,71.2992],[22.48431,71.29492],[22.484,71.29422],[22.48373,71.29313],[22.48345,71.29214],[22.48321,71.29141],[22.48305,71.29104],[22.48292,71.29078],[22.4827,71.29045],[22.48067,71.28813],[22.48028,71.2875],[22.47997,71.28694],[22.47978,71.28661],[22.4742,71.27669],[22.47354,71.27549],[22.47301,71.27459],[22.47276,71.27424],[22.46267,71.26137],[22.45839,71.2559],[22.45251,71.2484],[22.45161,71.24724],[22.44857,71.24336],[22.44714,71.24156],[22.44699,71.24137],[22.44662,71.24087],[22.44625,71.24019],[22.44607,71.23966],[22.44583,71.23877],[22.44559,71.23764],[22.44527,71.23613],[22.44518,71.23568],[22.44494,71.23498],[22.44444,71.23384],[22.44347,71.23175],[22.44163,71.22771],[22.44143,71.22726],[22.43865,71.22111],[22.4384,71.22049],[22.43809,71.21967],[22.4378,71.219],[22.43594,71.21564],[22.43345,71.21113],[22.43226,71.20899],[22.43095,71.20664],[22.43054,71.2061],[22.43033,71.20584],[22.43037,71.20574],[22.43044,71.20555],[22.43038,71.20543],[22.43026,71.20522],[22.42991,71.20461],[22.42977,71.20437],[22.42949,71.20387],[22.42926,71.20347],[22.42915,71.20328],[22.42892,71.20288],[22.42872,71.20251],[22.42854,71.2022],[22.42847,71.20207],[22.42842,71.20199],[22.42807,71.20137],[22.42775,71.20083],[22.42762,71.2006],[22.42721,71.20018],[22.42707,71.20002],[22.42647,71.19946],[22.42594,71.199],[22.42563,71.19859],[22.42537,71.19808],[22.42527,71.19777],[22.42506,71.19723],[22.42493,71.19675],[22.42482,71.19632],[22.42478,71.19618],[22.42464,71.19526],[22.42448,71.19416],[22.42441,71.19369],[22.42424,71.19273],[22.42408,71.1918],[22.42388,71.19062],[22.42372,71.18981],[22.42317,71.18809],[22.42298,71.18765],[22.42295,71.18761],[22.42288,71.18755],[22.42275,71.18751],[22.42272,71.1871],[22.42263,71.18666],[22.42249,71.18627],[22.42226,71.18561],[22.42211,71.18522],[22.42199,71.18489],[22.42162,71.18378],[22.42079,71.18146],[22.42059,71.18083],[22.42052,71.18046],[22.42049,71.18015],[22.42047,71.17906],[22.42048,71.17866],[22.42047,71.17809],[22.42029,71.17667],[22.41997,71.17415],[22.4199,71.17343],[22.41975,71.17208],[22.41965,71.17146],[22.41957,71.17116],[22.41945,71.17083],[22.41929,71.17043],[22.41905,71.1699],[22.41894,71.16957],[22.41871,71.16814],[22.41853,71.16717],[22.41838,71.16642],[22.41826,71.1659],[22.41816,71.1654],[22.41764,71.16321],[22.41712,71.16123],[22.4169,71.16024],[22.41678,71.15924],[22.41668,71.15821],[22.41656,71.15697],[22.41638,71.15537],[22.41632,71.15471],[22.4163,71.1544],[22.41634,71.15392],[22.41638,71.15374],[22.41643,71.15345],[22.41677,71.15171],[22.41697,71.15069],[22.41699,71.15057],[22.41704,71.15023],[22.41705,71.14978],[22.41704,71.1492],[22.41696,71.14802],[22.41679,71.14588],[22.4167,71.14473],[22.41665,71.14407],[22.41645,71.14207],[22.41625,71.13992],[22.41611,71.13841],[22.41597,71.13736],[22.41584,71.13664],[22.41538,71.13464],[22.41488,71.1325],[22.41441,71.13043],[22.41409,71.12894],[22.41402,71.12854],[22.41397,71.12814],[22.41398,71.12785],[22.41399,71.12759],[22.41407,71.12721],[22.41422,71.12677],[22.41447,71.12592],[22.41465,71.12539],[22.41478,71.12507],[22.41488,71.12488],[22.41533,71.124],[22.41553,71.12349],[22.4156,71.12322],[22.41566,71.1229],[22.41567,71.12259],[22.41564,71.12243],[22.41558,71.12219],[22.41556,71.12212],[22.41547,71.12186],[22.41545,71.12183],[22.41538,71.12169],[22.41516,71.12132],[22.41513,71.12126],[22.41485,71.12074],[22.41473,71.1204],[22.41468,71.12012],[22.41466,71.12001],[22.41455,71.11949],[22.41434,71.11848],[22.41388,71.11634],[22.41376,71.11578],[22.41373,71.11549],[22.41372,71.11508],[22.41375,71.11455],[22.41378,71.11423],[22.41382,71.11397],[22.41386,71.11383],[22.41397,71.11359],[22.41422,71.1131],[22.41523,71.11122],[22.41588,71.11003],[22.41612,71.1096],[22.4162,71.10941],[22.4168,71.10807],[22.41717,71.10724],[22.41761,71.1062],[22.41784,71.10567],[22.41831,71.1043],[22.4184,71.10404],[22.41912,71.10188],[22.41942,71.10103],[22.41961,71.10043],[22.41969,71.10003],[22.41991,71.09857],[22.41995,71.09832],[22.42005,71.09777],[22.42021,71.0969],[22.42037,71.09627],[22.4209,71.09458],[22.42123,71.0935],[22.42124,71.09347],[22.42153,71.09255],[22.42163,71.09223],[22.42207,71.09095],[22.42233,71.09017],[22.42254,71.08969],[22.42303,71.08879],[22.42336,71.08818],[22.42367,71.08762],[22.42451,71.08614],[22.42465,71.0859],[22.42534,71.08471],[22.42594,71.08365],[22.42607,71.08334],[22.42615,71.08313],[22.42626,71.08281],[22.42636,71.08226],[22.4264,71.08178],[22.42643,71.08084],[22.42643,71.0807],[22.42648,71.07933],[22.42653,71.07783],[22.42657,71.07533],[22.42666,71.07471],[22.42678,71.07398],[22.42696,71.07332],[22.42711,71.07284],[22.42778,71.07122],[22.42807,71.07044],[22.42856,71.06883],[22.42926,71.06658],[22.42944,71.0659],[22.4295,71.06553],[22.42954,71.06505],[22.42954,71.06453],[22.42941,71.0635],[22.42936,71.06329],[22.42931,71.06304],[22.42929,71.06296],[22.42909,71.06235],[22.42817,71.05964],[22.42708,71.05641],[22.42574,71.05242],[22.42495,71.05003],[22.42486,71.04978],[22.42475,71.04943],[22.42463,71.04907],[22.42438,71.04831],[22.42401,71.04716],[22.42386,71.04671],[22.42358,71.04586],[22.42289,71.04359],[22.42253,71.04223],[22.42232,71.04144],[22.42174,71.03911],[22.42088,71.03562],[22.42022,71.03285],[22.41966,71.02998],[22.41955,71.02947],[22.41933,71.02839],[22.41912,71.02721],[22.41902,71.02689],[22.41888,71.02664],[22.41852,71.02619],[22.41776,71.02533],[22.41666,71.02418],[22.41597,71.0234],[22.41565,71.02305],[22.41532,71.02267],[22.41488,71.0222],[22.41472,71.02203],[22.41457,71.02187],[22.4144,71.02166],[22.41359,71.02062],[22.4129,71.01975],[22.41222,71.01886],[22.41091,71.01718],[22.4092,71.01498],[22.4086,71.01421],[22.40794,71.01336],[22.40692,71.01206],[22.4064,71.01136],[22.40577,71.01064],[22.40544,71.01024],[22.40483,71.00947],[22.4042,71.00868],[22.40374,71.00809],[22.4026,71.00664],[22.40165,71.00541],[22.40137,71.00506],[22.40124,71.00492],[22.40097,71.00468],[22.40067,71.00449],[22.40033,71.00435],[22.39983,71.00419],[22.39967,71.00413],[22.39957,71.0041],[22.39935,71.00403],[22.39805,71.0036],[22.39721,71.00332],[22.39718,71.00331],[22.39602,71.00291],[22.39493,71.00254],[22.39332,71.00202],[22.39253,71.00181],[22.39129,71.00139],[22.38959,71.00075],[22.38919,71.00056],[22.38887,71.00038],[22.38866,71.00026],[22.38837,71.00008],[22.38812,70.99987],[22.38788,70.99962],[22.38767,70.99934],[22.38743,70.99893],[22.3874,70.99889],[22.38723,70.99858],[22.38654,70.9974],[22.38617,70.99679],[22.38548,70.99576],[22.38467,70.99461],[22.38459,70.9945],[22.38412,70.99383],[22.38281,70.99201],[22.38274,70.99191],[22.38222,70.9912],[22.38207,70.99098],[22.38187,70.99068],[22.38182,70.9906],[22.38169,70.99025],[22.38152,70.98965],[22.38127,70.98871],[22.38123,70.98856],[22.38121,70.9885],[22.38112,70.98815],[22.38053,70.98592],[22.38033,70.98517],[22.37947,70.98194],[22.37926,70.98114],[22.37915,70.98072],[22.37909,70.98053],[22.37886,70.9799],[22.37869,70.9794],[22.37857,70.97904],[22.37816,70.97784],[22.37775,70.97667],[22.37767,70.97642],[22.37762,70.97628],[22.3776,70.97622],[22.37757,70.97615],[22.37732,70.97544],[22.3772,70.97507],[22.37696,70.97439],[22.3767,70.97366],[22.37662,70.97343],[22.37635,70.97259],[22.3762,70.97218],[22.37602,70.97166],[22.37595,70.97144],[22.37588,70.97116],[22.37583,70.97092],[22.37564,70.96999],[22.3756,70.96983],[22.37552,70.9694],[22.37544,70.96904],[22.37515,70.96763],[22.37504,70.96712],[22.37496,70.96674],[22.37487,70.96645],[22.37476,70.96614],[22.37461,70.9658],[22.37457,70.96572],[22.37445,70.96549],[22.37321,70.96356],[22.37284,70.96297],[22.37229,70.9621],[22.3721,70.96181],[22.37167,70.96113],[22.37141,70.96073],[22.37037,70.95901],[22.36996,70.95835],[22.36988,70.95822],[22.36968,70.95788],[22.36922,70.95713],[22.36907,70.95688],[22.36887,70.95646],[22.36854,70.95565],[22.3679,70.95354],[22.36774,70.95304],[22.36752,70.95244],[22.36738,70.95214],[22.36718,70.95177],[22.3669,70.95134],[22.36668,70.95099],[22.36656,70.95079],[22.36597,70.94986],[22.36528,70.94874],[22.36517,70.94857],[22.3651,70.94845],[22.36467,70.94775],[22.36459,70.94762],[22.3643,70.94721],[22.36408,70.94695],[22.36351,70.94631],[22.36332,70.9461],[22.36279,70.94548],[22.36257,70.94518],[22.36211,70.94442],[22.36189,70.94421],[22.3617,70.94397],[22.36154,70.94366],[22.36137,70.94333],[22.36118,70.94305],[22.3611,70.94292],[22.36102,70.94279],[22.36098,70.94271],[22.36085,70.94249],[22.36062,70.94212],[22.36042,70.94169],[22.36031,70.94144],[22.36027,70.94125],[22.36025,70.94118],[22.36021,70.94094],[22.36017,70.94058],[22.36018,70.93998],[22.36017,70.93983],[22.36015,70.93946],[22.36009,70.93905],[22.36001,70.9388],[22.35989,70.93851],[22.35986,70.93845],[22.35982,70.93838],[22.35976,70.93825],[22.35947,70.93786],[22.3591,70.93749],[22.35881,70.93724],[22.35808,70.93664],[22.35789,70.93648],[22.35687,70.93562],[22.35678,70.93554],[22.35657,70.93535],[22.35645,70.93515],[22.35486,70.9338],[22.35455,70.93357],[22.35416,70.93327],[22.35281,70.93216],[22.35203,70.93153],[22.35109,70.93077],[22.35003,70.92997],[22.34914,70.92921],[22.34859,70.92877],[22.34822,70.92841],[22.34797,70.92813],[22.34766,70.9277],[22.34737,70.92722],[22.3468,70.92619],[22.34652,70.92566],[22.34649,70.9256],[22.3462,70.92506],[22.34555,70.92385],[22.34516,70.92312],[22.34474,70.92245],[22.3442,70.92153],[22.344,70.92097],[22.34368,70.91971],[22.34326,70.91803],[22.34235,70.91444],[22.34203,70.91317],[22.34164,70.91161],[22.34141,70.91056],[22.34127,70.90963],[22.34104,70.90744],[22.34097,70.90671],[22.34089,70.90602],[22.3408,70.90555],[22.34018,70.90348],[22.33991,70.90282],[22.33975,70.90251],[22.33927,70.90155],[22.33885,70.90077],[22.33858,70.90031],[22.33795,70.89845],[22.33756,70.89733],[22.33715,70.89613],[22.33677,70.89514],[22.33636,70.89397],[22.33606,70.89311],[22.33549,70.89126],[22.33512,70.89025],[22.33489,70.88956],[22.33471,70.88922],[22.33461,70.88903],[22.33412,70.88842],[22.33386,70.88814],[22.33351,70.88762],[22.33336,70.88734],[22.33321,70.887],[22.33306,70.88641],[22.33281,70.88529],[22.33259,70.88448],[22.33248,70.88413],[22.332,70.88231],[22.33156,70.88084],[22.33147,70.88057],[22.33138,70.88035],[22.33107,70.87942],[22.3307,70.87836],[22.33059,70.87806],[22.33051,70.87783],[22.33037,70.87745],[22.33006,70.87658],[22.32991,70.87617],[22.32968,70.87549],[22.32931,70.87418],[22.32862,70.87184],[22.32818,70.87034],[22.32792,70.86946],[22.32775,70.86898],[22.32688,70.86677],[22.32665,70.86609],[22.32653,70.86553],[22.32649,70.86521],[22.32641,70.86432],[22.3264,70.86364],[22.32642,70.86303],[22.32643,70.86288],[22.32645,70.86259],[22.32663,70.86046],[22.32672,70.8594],[22.32675,70.85898],[22.32677,70.85872],[22.32679,70.85856],[22.32681,70.85799],[22.3268,70.85755],[22.32676,70.85711],[22.32664,70.85651],[22.32653,70.8561],[22.32634,70.85556],[22.32593,70.85454],[22.3258,70.85422],[22.32552,70.85357],[22.32526,70.85306],[22.32522,70.85298],[22.32426,70.85128],[22.32387,70.8506],[22.32379,70.85045],[22.32347,70.84989],[22.32326,70.84944],[22.32303,70.84886],[22.323,70.84876],[22.32278,70.8481],[22.32191,70.84507],[22.3218,70.84468],[22.3217,70.84433],[22.32162,70.84404],[22.32088,70.8416],[22.32065,70.84087],[22.32021,70.83942],[22.32008,70.83896],[22.31999,70.83877],[22.31996,70.83873],[22.31978,70.83847],[22.31964,70.83832],[22.31949,70.83816],[22.31932,70.83803],[22.31916,70.83792],[22.31773,70.83702],[22.31443,70.835],[22.31382,70.83454],[22.31373,70.83444],[22.31344,70.83404],[22.31288,70.83309],[22.31258,70.83256],[22.31254,70.83253],[22.31251,70.83249],[22.31246,70.83242],[22.31233,70.83218],[22.31207,70.83174],[22.3118,70.83128],[22.31171,70.83114],[22.31143,70.83074],[22.31141,70.83062],[22.3114,70.8305],[22.31141,70.83031],[22.31141,70.83021],[22.31143,70.83016],[22.31171,70.82988],[22.3118,70.82973],[22.31182,70.82951],[22.31179,70.82936],[22.31167,70.82906],[22.31161,70.82903],[22.31157,70.82899],[22.31155,70.82893],[22.31155,70.82886],[22.31157,70.82882],[22.31102,70.82691],[22.3109,70.82654],[22.31088,70.82645],[22.31059,70.82562],[22.31046,70.82522],[22.31031,70.82475],[22.31027,70.82463],[22.31001,70.82385],[22.3097,70.82293],[22.30945,70.82218],[22.30935,70.82191],[22.30933,70.82185],[22.30906,70.82102],[22.30904,70.82096],[22.30894,70.82064],[22.3087,70.81997],[22.30855,70.81965],[22.30851,70.81957],[22.30829,70.81917],[22.30791,70.81855],[22.30788,70.8185],[22.30786,70.81848],[22.30778,70.81835],[22.30753,70.81782],[22.30736,70.81727],[22.30723,70.81685],[22.30695,70.81587],[22.30693,70.81579],[22.30677,70.81523],[22.30636,70.81375],[22.30626,70.81343],[22.30585,70.81184],[22.30583,70.81183],[22.30581,70.81182],[22.30579,70.81178],[22.30578,70.81175],[22.30578,70.81173],[22.30579,70.81168],[22.30581,70.81166],[22.30582,70.81164],[22.30586,70.81162],[22.30591,70.81163],[22.30593,70.81163],[22.30598,70.81158],[22.30601,70.81156],[22.30613,70.81147],[22.30639,70.81124],[22.30651,70.81112],[22.30654,70.81105],[22.30656,70.81102],[22.30657,70.81098],[22.3066,70.8107],[22.30659,70.81066],[22.30659,70.81063],[22.3066,70.8106],[22.30657,70.81055],[22.30642,70.81011],[22.30615,70.80939],[22.306,70.80898],[22.30571,70.80826],[22.30523,70.80699],[22.3052,70.8069],[22.30518,70.80687],[22.30515,70.80679],[22.30498,70.80629],[22.30484,70.80588],[22.30484,70.80586],[22.30479,70.80576],[22.30473,70.80562],[22.30467,70.80543],[22.30461,70.80521],[22.30444,70.80455],[22.30428,70.80386],[22.30426,70.80377],[22.30387,70.80223],[22.30381,70.80222],[22.30376,70.80219],[22.30372,70.80215],[22.30369,70.8021],[22.30368,70.80205],[22.30368,70.80199],[22.3037,70.80193],[22.30374,70.80188],[22.30378,70.80185],[22.30384,70.80183],[22.30389,70.80183],[22.30394,70.80185],[22.30399,70.80189],[22.30402,70.80193],[22.30404,70.80199],[22.30404,70.80205],[22.30403,70.80211],[22.30401,70.80214],[22.304,70.80216],[22.30395,70.8022],[22.30391,70.80222],[22.3039,70.80222]],"isRouteFallback":false},{"markerType":"DRIVER","vehicleId":null,"driverId":3,"vehicleName":null,"vehicleModel":null,"licensePlate":null,"vehicleType":null,"vehicleStatus":null,"driverName":"Suresh Parmar","licenseCategory":"VAN","dutyStatus":"OFF_DUTY","safetyScore":88,"licenseNumber":"GJ01-2019-009012","latitude":23.05585392430539,"longitude":72.5562096996194,"speed":0.0,"heading":112.57329680647092,"lastUpdated":"2026-02-21T13:46:27.16389","tripOrigin":null,"tripDestination":null,"originLat":null,"originLng":null,"destLat":null,"destLng":null,"totalDistanceKm":null,"remainingDistanceKm":null,"progressPercent":null,"estimatedMinutesRemaining":null,"routePolyline":null,"isRouteFallback":null},{"markerType":"DRIVER","vehicleId":null,"driverId":4,"vehicleName":null,"vehicleModel":null,"licensePlate":null,"vehicleType":null,"vehicleStatus":null,"driverName":"Kavita Jadeja","licenseCategory":"VAN","dutyStatus":"ON_DUTY","safetyScore":97,"licenseNumber":"GJ06-2022-003456","latitude":23.015519486650724,"longitude":72.54543367623849,"speed":51.14601980626795,"heading":138.05353547429928,"lastUpdated":"2026-02-21T13:46:27.164598","tripOrigin":null,"tripDestination":null,"originLat":null,"originLng":null,"destLat":null,"destLng":null,"totalDistanceKm":null,"remainingDistanceKm":null,"progressPercent":null,"estimatedMinutesRemaining":null,"routePolyline":null,"isRouteFallback":null},{"markerType":"DRIVER","vehicleId":null,"driverId":5,"vehicleName":null,"vehicleModel":null,"licensePlate":null,"vehicleType":null,"vehicleStatus":null,"driverName":"Mohan Thakor","licenseCategory":"BIKE","dutyStatus":"ON_DUTY","safetyScore":90,"licenseNumber":"GJ01-2020-007890","latitude":23.03190397289484,"longitude":72.61171058346865,"speed":15.879886446180178,"heading":351.60740143745966,"lastUpdated":"2026-02-21T13:46:27.16559","tripOrigin":null,"tripDestination":null,"originLat":null,"originLng":null,"destLat":null,"destLng":null,"totalDistanceKm":null,"remainingDistanceKm":null,"progressPercent":null,"estimatedMinutesRemaining":null,"routePolyline":null,"isRouteFallback":null},{"markerType":"VEHICLE","vehicleId":1,"driverId":null,"vehicleName":"TATA-01","vehicleModel":"Tata Ace Gold","licensePlate":"GJ-01-AB-1234","vehicleType":"VAN","vehicleStatus":"AVAILABLE","driverName":null,"licenseCategory":null,"dutyStatus":null,"safetyScore":null,"licenseNumber":null,"latitude":23.000523770560573,"longitude":72.58397369592545,"speed":0.0,"heading":307.63209384406144,"lastUpdated":"2026-02-21T13:46:27.173411","tripOrigin":null,"tripDestination":null,"originLat":null,"originLng":null,"destLat":null,"destLng":null,"totalDistanceKm":null,"remainingDistanceKm":null,"progressPercent":null,"estimatedMinutesRemaining":null,"routePolyline":null,"isRouteFallback":null},{"markerType":"VEHICLE","vehicleId":2,"driverId":null,"vehicleName":"AL-01","vehicleModel":"Ashok Leyland Dost Plus","licensePlate":"GJ-01-CD-5678","vehicleType":"VAN","vehicleStatus":"AVAILABLE","driverName":null,"licenseCategory":null,"dutyStatus":null,"safetyScore":null,"licenseNumber":null,"latitude":23.05032615651435,"longitude":72.54608035752423,"speed":0.0,"heading":55.67086240452004,"lastUpdated":"2026-02-21T13:46:27.174832","tripOrigin":null,"tripDestination":null,"originLat":null,"originLng":null,"destLat":null,"destLng":null,"totalDistanceKm":null,"remainingDistanceKm":null,"progressPercent":null,"estimatedMinutesRemaining":null,"routePolyline":null,"isRouteFallback":null},{"markerType":"VEHICLE","vehicleId":5,"driverId":null,"vehicleName":"MAHINDRA-01","vehicleModel":"Mahindra Bolero Pickup","licensePlate":"GJ-01-IJ-7890","vehicleType":"VAN","vehicleStatus":"IN_SHOP","driverName":null,"licenseCategory":null,"dutyStatus":null,"safetyScore":null,"licenseNumber":null,"latitude":23.059258465252647,"longitude":72.55943541524505,"speed":0.0,"heading":115.3776924858018,"lastUpdated":"2026-02-21T13:46:27.17793","tripOrigin":null,"tripDestination":null,"originLat":null,"originLng":null,"destLat":null,"destLng":null,"totalDistanceKm":null,"remainingDistanceKm":null,"progressPercent":null,"estimatedMinutesRemaining":null,"routePolyline":null,"isRouteFallback":null},{"markerType":"VEHICLE","vehicleId":6,"driverId":null,"vehicleName":"BAJAJ-01","vehicleModel":"Bajaj Maxima C","licensePlate":"GJ-01-KL-2345","vehicleType":"BIKE","vehicleStatus":"AVAILABLE","driverName":null,"licenseCategory":null,"dutyStatus":null,"safetyScore":null,"licenseNumber":null,"latitude":23.0154013165855,"longitude":72.60327124268828,"speed":0.0,"heading":312.2548820281039,"lastUpdated":"2026-02-21T13:46:27.178999","tripOrigin":null,"tripDestination":null,"originLat":null,"originLng":null,"destLat":null,"destLng":null,"totalDistanceKm":null,"remainingDistanceKm":null,"progressPercent":null,"estimatedMinutesRemaining":null,"routePolyline":null,"isRouteFallback":null}],"errors":null}
    Forwarded URL = null
   Redirected URL = null
          Cookies = []
]]></system-out>
  </testcase>
  <testcase name="tripUpdateEndpointShouldExistForDraftTrips" classname="com.fleetflow.bugfix.ProductionReadyMapFeatureBugExplorationTest" time="0.015">
    <system-out><![CDATA[2026-02-21T13:46:29.993+05:30  INFO 68853 --- [FleetFlow-Test] [           main] com.fleetflow.service.TripService        : Trip created: 23.0225,72.5714 -> 23.0300,72.5800 (Vehicle: TEST-001, Driver: Test Driver)
2026-02-21T13:46:29.995+05:30  INFO 68853 --- [FleetFlow-Test] [           main] com.fleetflow.service.TripService        : Trip 12 updated
]]></system-out>
  </testcase>
</testsuite>